2022-05-04 22:33:08,250 ERROR 40114 [-/::1/-/6ms POST /video] nodejs.TypeError: The "path" argument must be of type string or an instance of Buffer or URL. Received undefined
    at Object.statSync (node:fs:1529:10)
    at VideoController.index (/Users/yushengyuan/yushengyuan/personal-project/egg-demo/app/controller/video.ts:9:25)
    at Object.callFn (/Users/yushengyuan/yushengyuan/personal-project/egg-demo/node_modules/egg-core/lib/utils/index.js:44:21)
    at Object.classControllerMiddleware (/Users/yushengyuan/yushengyuan/personal-project/egg-demo/node_modules/egg-core/lib/loader/mixin/controller.js:87:20)
    at Object.callFn (/Users/yushengyuan/yushengyuan/personal-project/egg-demo/node_modules/@eggjs/router/lib/utils.js:12:21)
    at wrappedController (/Users/yushengyuan/yushengyuan/personal-project/egg-demo/node_modules/@eggjs/router/lib/egg_router.js:322:18)
    at dispatch (/Users/yushengyuan/yushengyuan/personal-project/egg-demo/node_modules/koa-compose/index.js:44:32)
    at next (/Users/yushengyuan/yushengyuan/personal-project/egg-demo/node_modules/koa-compose/index.js:45:18)
    at /Users/yushengyuan/yushengyuan/personal-project/egg-demo/node_modules/@eggjs/router/lib/router.js:186:18
    at dispatch (/Users/yushengyuan/yushengyuan/personal-project/egg-demo/node_modules/koa-compose/index.js:44:32)
code: "ERR_INVALID_ARG_TYPE"
pid: 40114
hostname: yushenguandeMBP

2022-05-05 17:21:43,457 ERROR 17181 nodejs.ClusterClientNoResponseError: client no response in 948303ms exceeding maxIdleTime 60000ms, maybe the connection is close on other side.
    at Timeout._onTimeout (/Users/yushengyuan/yushengyuan/personal-project/Player/egg/node_modules/cluster-client/lib/leader.js:77:23)
    at listOnTimeout (node:internal/timers:557:17)
    at processTimers (node:internal/timers:500:7)
name: "ClusterClientNoResponseError"
pid: 17181
hostname: yushenguandeMBP

2022-05-05 17:25:33,151 ERROR 17181 nodejs.ClusterClientNoResponseError: client no response in 189645ms exceeding maxIdleTime 60000ms, maybe the connection is close on other side.
    at Timeout._onTimeout (/Users/yushengyuan/yushengyuan/personal-project/Player/egg/node_modules/cluster-client/lib/leader.js:77:23)
    at listOnTimeout (node:internal/timers:557:17)
    at processTimers (node:internal/timers:500:7)
name: "ClusterClientNoResponseError"
pid: 17181
hostname: yushenguandeMBP

2022-05-05 17:30:58,133 ERROR 17181 nodejs.ClusterClientNoResponseError: client no response in 284973ms exceeding maxIdleTime 60000ms, maybe the connection is close on other side.
    at Timeout._onTimeout (/Users/yushengyuan/yushengyuan/personal-project/Player/egg/node_modules/cluster-client/lib/leader.js:77:23)
    at listOnTimeout (node:internal/timers:557:17)
    at processTimers (node:internal/timers:500:7)
name: "ClusterClientNoResponseError"
pid: 17181
hostname: yushenguandeMBP

2022-05-05 17:46:57,183 ERROR 17181 nodejs.ClusterClientNoResponseError: client no response in 919061ms exceeding maxIdleTime 60000ms, maybe the connection is close on other side.
    at Timeout._onTimeout (/Users/yushengyuan/yushengyuan/personal-project/Player/egg/node_modules/cluster-client/lib/leader.js:77:23)
    at listOnTimeout (node:internal/timers:557:17)
    at processTimers (node:internal/timers:500:7)
name: "ClusterClientNoResponseError"
pid: 17181
hostname: yushenguandeMBP

2022-05-05 18:02:27,153 ERROR 17181 nodejs.ClusterClientNoResponseError: client no response in 889974ms exceeding maxIdleTime 60000ms, maybe the connection is close on other side.
    at Timeout._onTimeout (/Users/yushengyuan/yushengyuan/personal-project/Player/egg/node_modules/cluster-client/lib/leader.js:77:23)
    at listOnTimeout (node:internal/timers:557:17)
    at processTimers (node:internal/timers:500:7)
name: "ClusterClientNoResponseError"
pid: 17181
hostname: yushenguandeMBP

2022-05-05 18:09:04,640 ERROR 17181 nodejs.ClusterClientNoResponseError: client no response in 217435ms exceeding maxIdleTime 60000ms, maybe the connection is close on other side.
    at Timeout._onTimeout (/Users/yushengyuan/yushengyuan/personal-project/Player/egg/node_modules/cluster-client/lib/leader.js:77:23)
    at listOnTimeout (node:internal/timers:557:17)
    at processTimers (node:internal/timers:500:7)
name: "ClusterClientNoResponseError"
pid: 17181
hostname: yushenguandeMBP

2022-05-05 18:21:49,192 ERROR 17181 nodejs.ClusterClientNoResponseError: client no response in 684539ms exceeding maxIdleTime 60000ms, maybe the connection is close on other side.
    at Timeout._onTimeout (/Users/yushengyuan/yushengyuan/personal-project/Player/egg/node_modules/cluster-client/lib/leader.js:77:23)
    at listOnTimeout (node:internal/timers:557:17)
    at processTimers (node:internal/timers:500:7)
name: "ClusterClientNoResponseError"
pid: 17181
hostname: yushenguandeMBP

2022-05-05 18:25:26,575 ERROR 17181 nodejs.ClusterClientNoResponseError: client no response in 88579ms exceeding maxIdleTime 60000ms, maybe the connection is close on other side.
    at Timeout._onTimeout (/Users/yushengyuan/yushengyuan/personal-project/Player/egg/node_modules/cluster-client/lib/leader.js:77:23)
    at listOnTimeout (node:internal/timers:557:17)
    at processTimers (node:internal/timers:500:7)
name: "ClusterClientNoResponseError"
pid: 17181
hostname: yushenguandeMBP

2022-05-05 19:25:24,152 ERROR 21596 nodejs.ClusterClientNoResponseError: client no response in 1005161ms exceeding maxIdleTime 60000ms, maybe the connection is close on other side.
    at Timeout._onTimeout (/Users/yushengyuan/yushengyuan/personal-project/Player/egg/node_modules/cluster-client/lib/leader.js:77:23)
    at listOnTimeout (node:internal/timers:557:17)
    at processTimers (node:internal/timers:500:7)
name: "ClusterClientNoResponseError"
pid: 21596
hostname: yushenguandeMBP

2022-05-05 19:28:16,983 ERROR 21596 nodejs.ClusterClientNoResponseError: client no response in 112780ms exceeding maxIdleTime 60000ms, maybe the connection is close on other side.
    at Timeout._onTimeout (/Users/yushengyuan/yushengyuan/personal-project/Player/egg/node_modules/cluster-client/lib/leader.js:77:23)
    at listOnTimeout (node:internal/timers:557:17)
    at processTimers (node:internal/timers:500:7)
name: "ClusterClientNoResponseError"
pid: 21596
hostname: yushenguandeMBP

2022-05-05 19:44:45,298 ERROR 21596 nodejs.ClusterClientNoResponseError: client no response in 948297ms exceeding maxIdleTime 60000ms, maybe the connection is close on other side.
    at Timeout._onTimeout (/Users/yushengyuan/yushengyuan/personal-project/Player/egg/node_modules/cluster-client/lib/leader.js:77:23)
    at listOnTimeout (node:internal/timers:557:17)
    at processTimers (node:internal/timers:500:7)
name: "ClusterClientNoResponseError"
pid: 21596
hostname: yushenguandeMBP

2022-05-06 10:49:47,309 ERROR 4442 nodejs.ClusterClientNoResponseError: client no response in 1006431ms exceeding maxIdleTime 60000ms, maybe the connection is close on other side.
    at Timeout._onTimeout (/Users/yushengyuan/yushengyuan/personal-project/Player/egg/node_modules/cluster-client/lib/leader.js:77:23)
    at listOnTimeout (node:internal/timers:557:17)
    at processTimers (node:internal/timers:500:7)
name: "ClusterClientNoResponseError"
pid: 4442
hostname: yushenguandeMBP

2022-05-06 11:47:57,578 ERROR 6947 nodejs.ClusterClientNoResponseError: client no response in 1075861ms exceeding maxIdleTime 60000ms, maybe the connection is close on other side.
    at Timeout._onTimeout (/Users/yushengyuan/yushengyuan/personal-project/Player/egg/node_modules/cluster-client/lib/leader.js:77:23)
    at listOnTimeout (node:internal/timers:557:17)
    at processTimers (node:internal/timers:500:7)
name: "ClusterClientNoResponseError"
pid: 6947
hostname: yushenguandeMBP

2022-05-06 12:38:24,416 ERROR 6947 nodejs.ClusterClientNoResponseError: client no response in 972597ms exceeding maxIdleTime 60000ms, maybe the connection is close on other side.
    at Timeout._onTimeout (/Users/yushengyuan/yushengyuan/personal-project/Player/egg/node_modules/cluster-client/lib/leader.js:77:23)
    at listOnTimeout (node:internal/timers:557:17)
    at processTimers (node:internal/timers:500:7)
name: "ClusterClientNoResponseError"
pid: 6947
hostname: yushenguandeMBP

2022-05-06 12:54:55,074 ERROR 6947 nodejs.ClusterClientNoResponseError: client no response in 990654ms exceeding maxIdleTime 60000ms, maybe the connection is close on other side.
    at Timeout._onTimeout (/Users/yushengyuan/yushengyuan/personal-project/Player/egg/node_modules/cluster-client/lib/leader.js:77:23)
    at listOnTimeout (node:internal/timers:557:17)
    at processTimers (node:internal/timers:500:7)
name: "ClusterClientNoResponseError"
pid: 6947
hostname: yushenguandeMBP

2022-05-06 13:11:45,679 ERROR 6947 nodejs.ClusterClientNoResponseError: client no response in 1010596ms exceeding maxIdleTime 60000ms, maybe the connection is close on other side.
    at Timeout._onTimeout (/Users/yushengyuan/yushengyuan/personal-project/Player/egg/node_modules/cluster-client/lib/leader.js:77:23)
    at listOnTimeout (node:internal/timers:557:17)
    at processTimers (node:internal/timers:500:7)
name: "ClusterClientNoResponseError"
pid: 6947
hostname: yushenguandeMBP

2022-05-06 13:27:18,276 ERROR 6947 nodejs.ClusterClientNoResponseError: client no response in 932591ms exceeding maxIdleTime 60000ms, maybe the connection is close on other side.
    at Timeout._onTimeout (/Users/yushengyuan/yushengyuan/personal-project/Player/egg/node_modules/cluster-client/lib/leader.js:77:23)
    at listOnTimeout (node:internal/timers:557:17)
    at processTimers (node:internal/timers:500:7)
name: "ClusterClientNoResponseError"
pid: 6947
hostname: yushenguandeMBP

2022-05-06 13:42:51,119 ERROR 6947 nodejs.ClusterClientNoResponseError: client no response in 932834ms exceeding maxIdleTime 60000ms, maybe the connection is close on other side.
    at Timeout._onTimeout (/Users/yushengyuan/yushengyuan/personal-project/Player/egg/node_modules/cluster-client/lib/leader.js:77:23)
    at listOnTimeout (node:internal/timers:557:17)
    at processTimers (node:internal/timers:500:7)
name: "ClusterClientNoResponseError"
pid: 6947
hostname: yushenguandeMBP

2022-05-06 13:59:19,808 ERROR 6947 nodejs.ClusterClientNoResponseError: client no response in 988686ms exceeding maxIdleTime 60000ms, maybe the connection is close on other side.
    at Timeout._onTimeout (/Users/yushengyuan/yushengyuan/personal-project/Player/egg/node_modules/cluster-client/lib/leader.js:77:23)
    at listOnTimeout (node:internal/timers:557:17)
    at processTimers (node:internal/timers:500:7)
name: "ClusterClientNoResponseError"
pid: 6947
hostname: yushenguandeMBP

2022-05-06 14:01:31,404 ERROR 6947 nodejs.ClusterClientNoResponseError: client no response in 131590ms exceeding maxIdleTime 60000ms, maybe the connection is close on other side.
    at Timeout._onTimeout (/Users/yushengyuan/yushengyuan/personal-project/Player/egg/node_modules/cluster-client/lib/leader.js:77:23)
    at listOnTimeout (node:internal/timers:557:17)
    at processTimers (node:internal/timers:500:7)
name: "ClusterClientNoResponseError"
pid: 6947
hostname: yushenguandeMBP

2022-05-06 15:27:06,301 ERROR 7779 nodejs.ClusterClientNoResponseError: client no response in 933544ms exceeding maxIdleTime 60000ms, maybe the connection is close on other side.
    at Timeout._onTimeout (/Users/yushengyuan/yushengyuan/personal-project/Player/egg/node_modules/cluster-client/lib/leader.js:77:23)
    at listOnTimeout (node:internal/timers:557:17)
    at processTimers (node:internal/timers:500:7)
name: "ClusterClientNoResponseError"
pid: 7779
hostname: yushenguandeMBP

2022-05-06 15:43:06,680 ERROR 7779 nodejs.ClusterClientNoResponseError: client no response in 960371ms exceeding maxIdleTime 60000ms, maybe the connection is close on other side.
    at Timeout._onTimeout (/Users/yushengyuan/yushengyuan/personal-project/Player/egg/node_modules/cluster-client/lib/leader.js:77:23)
    at listOnTimeout (node:internal/timers:557:17)
    at processTimers (node:internal/timers:500:7)
name: "ClusterClientNoResponseError"
pid: 7779
hostname: yushenguandeMBP

2022-05-06 16:03:44,073 ERROR 7779 nodejs.ClusterClientNoResponseError: client no response in 1058081ms exceeding maxIdleTime 60000ms, maybe the connection is close on other side.
    at Timeout._onTimeout (/Users/yushengyuan/yushengyuan/personal-project/Player/egg/node_modules/cluster-client/lib/leader.js:77:23)
    at listOnTimeout (node:internal/timers:557:17)
    at processTimers (node:internal/timers:500:7)
name: "ClusterClientNoResponseError"
pid: 7779
hostname: yushenguandeMBP

2022-05-06 16:20:06,656 ERROR 7779 nodejs.ClusterClientNoResponseError: client no response in 982577ms exceeding maxIdleTime 60000ms, maybe the connection is close on other side.
    at Timeout._onTimeout (/Users/yushengyuan/yushengyuan/personal-project/Player/egg/node_modules/cluster-client/lib/leader.js:77:23)
    at listOnTimeout (node:internal/timers:557:17)
    at processTimers (node:internal/timers:500:7)
name: "ClusterClientNoResponseError"
pid: 7779
hostname: yushenguandeMBP

2022-05-06 16:36:22,256 ERROR 7779 nodejs.ClusterClientNoResponseError: client no response in 975594ms exceeding maxIdleTime 60000ms, maybe the connection is close on other side.
    at Timeout._onTimeout (/Users/yushengyuan/yushengyuan/personal-project/Player/egg/node_modules/cluster-client/lib/leader.js:77:23)
    at listOnTimeout (node:internal/timers:557:17)
    at processTimers (node:internal/timers:500:7)
name: "ClusterClientNoResponseError"
pid: 7779
hostname: yushenguandeMBP

2022-05-06 16:53:36,108 ERROR 7779 nodejs.ClusterClientNoResponseError: client no response in 1033845ms exceeding maxIdleTime 60000ms, maybe the connection is close on other side.
    at Timeout._onTimeout (/Users/yushengyuan/yushengyuan/personal-project/Player/egg/node_modules/cluster-client/lib/leader.js:77:23)
    at listOnTimeout (node:internal/timers:557:17)
    at processTimers (node:internal/timers:500:7)
name: "ClusterClientNoResponseError"
pid: 7779
hostname: yushenguandeMBP

2022-05-06 17:08:56,702 ERROR 7779 nodejs.ClusterClientNoResponseError: client no response in 920589ms exceeding maxIdleTime 60000ms, maybe the connection is close on other side.
    at Timeout._onTimeout (/Users/yushengyuan/yushengyuan/personal-project/Player/egg/node_modules/cluster-client/lib/leader.js:77:23)
    at listOnTimeout (node:internal/timers:557:17)
    at processTimers (node:internal/timers:500:7)
name: "ClusterClientNoResponseError"
pid: 7779
hostname: yushenguandeMBP

2022-05-06 17:16:20,472 ERROR 7779 nodejs.ClusterClientNoResponseError: client no response in 443765ms exceeding maxIdleTime 60000ms, maybe the connection is close on other side.
    at Timeout._onTimeout (/Users/yushengyuan/yushengyuan/personal-project/Player/egg/node_modules/cluster-client/lib/leader.js:77:23)
    at listOnTimeout (node:internal/timers:557:17)
    at processTimers (node:internal/timers:500:7)
name: "ClusterClientNoResponseError"
pid: 7779
hostname: yushenguandeMBP

2022-05-06 19:11:07,212 ERROR 16497 nodejs.ClusterClientNoResponseError: client no response in 311562ms exceeding maxIdleTime 60000ms, maybe the connection is close on other side.
    at Timeout._onTimeout (/Users/yushengyuan/yushengyuan/personal-project/Player/egg/node_modules/cluster-client/lib/leader.js:77:23)
    at listOnTimeout (node:internal/timers:557:17)
    at processTimers (node:internal/timers:500:7)
name: "ClusterClientNoResponseError"
pid: 16497
hostname: yushenguandeMBP

