2022-05-04 22:26:49,771 WARN 39557 [-/::1/-/7ms POST /video] invalid csrf token. See https://eggjs.org/zh-cn/core/security.html#安全威胁csrf的防范
2022-05-04 22:26:49,773 WARN 39557 [-/::1/-/8ms POST /video] nodejs.ForbiddenError: invalid csrf token
    at Object.throw (/Users/yushengyuan/yushengyuan/personal-project/egg-demo/node_modules/koa/lib/context.js:97:11)
    at Object.assertCsrf (/Users/yushengyuan/yushengyuan/personal-project/egg-demo/node_modules/egg-security/app/extend/context.js:162:32)
    at csrf (/Users/yushengyuan/yushengyuan/personal-project/egg-demo/node_modules/egg-security/lib/middlewares/csrf.js:39:9)
    at dispatch (/Users/yushengyuan/yushengyuan/personal-project/egg-demo/node_modules/egg-security/node_modules/koa-compose/index.js:42:32)
    at /Users/yushengyuan/yushengyuan/personal-project/egg-demo/node_modules/egg-security/node_modules/koa-compose/index.js:34:12
    at dispatch (/Users/yushengyuan/yushengyuan/personal-project/egg-demo/node_modules/koa/node_modules/koa-compose/index.js:42:32)
    at session (/Users/yushengyuan/yushengyuan/personal-project/egg-demo/node_modules/koa-session/index.js:41:13)
    at dispatch (/Users/yushengyuan/yushengyuan/personal-project/egg-demo/node_modules/koa/node_modules/koa-compose/index.js:42:32)
    at overrideMethod (/Users/yushengyuan/yushengyuan/personal-project/egg-demo/node_modules/koa-override/index.js:38:12)
    at dispatch (/Users/yushengyuan/yushengyuan/personal-project/egg-demo/node_modules/koa/node_modules/koa-compose/index.js:42:32)
message: "invalid csrf token"
pid: 39557
hostname: yushenguandeMBP

2022-05-04 22:27:13,007 WARN 39583 [-/::1/-/6ms POST /video] invalid csrf token. See https://eggjs.org/zh-cn/core/security.html#安全威胁csrf的防范
2022-05-04 22:27:13,008 WARN 39583 [-/::1/-/6ms POST /video] nodejs.ForbiddenError: invalid csrf token
    at Object.throw (/Users/yushengyuan/yushengyuan/personal-project/egg-demo/node_modules/koa/lib/context.js:97:11)
    at Object.assertCsrf (/Users/yushengyuan/yushengyuan/personal-project/egg-demo/node_modules/egg-security/app/extend/context.js:162:32)
    at csrf (/Users/yushengyuan/yushengyuan/personal-project/egg-demo/node_modules/egg-security/lib/middlewares/csrf.js:39:9)
    at dispatch (/Users/yushengyuan/yushengyuan/personal-project/egg-demo/node_modules/egg-security/node_modules/koa-compose/index.js:42:32)
    at /Users/yushengyuan/yushengyuan/personal-project/egg-demo/node_modules/egg-security/node_modules/koa-compose/index.js:34:12
    at dispatch (/Users/yushengyuan/yushengyuan/personal-project/egg-demo/node_modules/koa/node_modules/koa-compose/index.js:42:32)
    at session (/Users/yushengyuan/yushengyuan/personal-project/egg-demo/node_modules/koa-session/index.js:41:13)
    at dispatch (/Users/yushengyuan/yushengyuan/personal-project/egg-demo/node_modules/koa/node_modules/koa-compose/index.js:42:32)
    at overrideMethod (/Users/yushengyuan/yushengyuan/personal-project/egg-demo/node_modules/koa-override/index.js:38:12)
    at dispatch (/Users/yushengyuan/yushengyuan/personal-project/egg-demo/node_modules/koa/node_modules/koa-compose/index.js:42:32)
message: "invalid csrf token"
pid: 39583
hostname: yushenguandeMBP

2022-05-04 22:30:46,520 WARN 39876 [-/::1/-/5ms POST /video] invalid csrf token. See https://eggjs.org/zh-cn/core/security.html#安全威胁csrf的防范
2022-05-04 22:30:46,522 WARN 39876 [-/::1/-/5ms POST /video] nodejs.ForbiddenError: invalid csrf token
    at Object.throw (/Users/yushengyuan/yushengyuan/personal-project/egg-demo/node_modules/koa/lib/context.js:97:11)
    at Object.assertCsrf (/Users/yushengyuan/yushengyuan/personal-project/egg-demo/node_modules/egg-security/app/extend/context.js:162:32)
    at csrf (/Users/yushengyuan/yushengyuan/personal-project/egg-demo/node_modules/egg-security/lib/middlewares/csrf.js:39:9)
    at dispatch (/Users/yushengyuan/yushengyuan/personal-project/egg-demo/node_modules/egg-security/node_modules/koa-compose/index.js:42:32)
    at /Users/yushengyuan/yushengyuan/personal-project/egg-demo/node_modules/egg-security/node_modules/koa-compose/index.js:34:12
    at dispatch (/Users/yushengyuan/yushengyuan/personal-project/egg-demo/node_modules/koa/node_modules/koa-compose/index.js:42:32)
    at session (/Users/yushengyuan/yushengyuan/personal-project/egg-demo/node_modules/koa-session/index.js:41:13)
    at dispatch (/Users/yushengyuan/yushengyuan/personal-project/egg-demo/node_modules/koa/node_modules/koa-compose/index.js:42:32)
    at overrideMethod (/Users/yushengyuan/yushengyuan/personal-project/egg-demo/node_modules/koa-override/index.js:38:12)
    at dispatch (/Users/yushengyuan/yushengyuan/personal-project/egg-demo/node_modules/koa/node_modules/koa-compose/index.js:42:32)
message: "invalid csrf token"
pid: 39876
hostname: yushenguandeMBP

2022-05-04 22:33:08,250 ERROR 40114 [-/::1/-/6ms POST /video] nodejs.TypeError: The "path" argument must be of type string or an instance of Buffer or URL. Received undefined
    at Object.statSync (node:fs:1529:10)
    at VideoController.index (/Users/yushengyuan/yushengyuan/personal-project/egg-demo/app/controller/video.ts:9:25)
    at Object.callFn (/Users/yushengyuan/yushengyuan/personal-project/egg-demo/node_modules/egg-core/lib/utils/index.js:44:21)
    at Object.classControllerMiddleware (/Users/yushengyuan/yushengyuan/personal-project/egg-demo/node_modules/egg-core/lib/loader/mixin/controller.js:87:20)
    at Object.callFn (/Users/yushengyuan/yushengyuan/personal-project/egg-demo/node_modules/@eggjs/router/lib/utils.js:12:21)
    at wrappedController (/Users/yushengyuan/yushengyuan/personal-project/egg-demo/node_modules/@eggjs/router/lib/egg_router.js:322:18)
    at dispatch (/Users/yushengyuan/yushengyuan/personal-project/egg-demo/node_modules/koa-compose/index.js:44:32)
    at next (/Users/yushengyuan/yushengyuan/personal-project/egg-demo/node_modules/koa-compose/index.js:45:18)
    at /Users/yushengyuan/yushengyuan/personal-project/egg-demo/node_modules/@eggjs/router/lib/router.js:186:18
    at dispatch (/Users/yushengyuan/yushengyuan/personal-project/egg-demo/node_modules/koa-compose/index.js:44:32)
code: "ERR_INVALID_ARG_TYPE"
pid: 40114
hostname: yushenguandeMBP

