2022-05-04 21:37:53,531 INFO 35264 [Timer] /Users/yushengyuan/yushengyuan/personal-project/egg-demo/node_modules/egg-multipart/app/schedule/clean_tmpdir.js next time will execute after 24726470ms at 2022-05-05 04:30:00.001
2022-05-04 21:37:53,531 INFO 35264 [Timer] /Users/yushengyuan/yushengyuan/personal-project/egg-demo/node_modules/egg-logrotator/app/schedule/clean_log.js next time will execute after 8526469ms at 2022-05-05 00:00:00.000
2022-05-04 21:37:53,531 INFO 35264 [Timer] /Users/yushengyuan/yushengyuan/personal-project/egg-demo/node_modules/egg-logrotator/app/schedule/rotate_by_file.js next time will execute after 8527469ms at 2022-05-05 00:00:01.000
2022-05-04 21:37:53,105 INFO 35265 [egg-schedule]: register schedule /Users/yushengyuan/yushengyuan/personal-project/egg-demo/node_modules/egg-multipart/app/schedule/clean_tmpdir.js
2022-05-04 21:37:53,105 INFO 35265 [egg-schedule]: register schedule /Users/yushengyuan/yushengyuan/personal-project/egg-demo/node_modules/egg-logrotator/app/schedule/clean_log.js
2022-05-04 21:37:53,105 INFO 35265 [egg-schedule]: register schedule /Users/yushengyuan/yushengyuan/personal-project/egg-demo/node_modules/egg-logrotator/app/schedule/rotate_by_file.js
2022-05-04 21:38:10,787 INFO 35337 [egg-schedule]: register schedule /Users/yushengyuan/yushengyuan/personal-project/egg-demo/node_modules/egg-multipart/app/schedule/clean_tmpdir.js
2022-05-04 21:38:10,787 INFO 35337 [egg-schedule]: register schedule /Users/yushengyuan/yushengyuan/personal-project/egg-demo/node_modules/egg-logrotator/app/schedule/clean_log.js
2022-05-04 21:38:10,787 INFO 35337 [egg-schedule]: register schedule /Users/yushengyuan/yushengyuan/personal-project/egg-demo/node_modules/egg-logrotator/app/schedule/rotate_by_file.js
2022-05-04 21:40:04,716 INFO 35540 [egg-schedule]: register schedule /Users/yushengyuan/yushengyuan/personal-project/egg-demo/node_modules/egg-multipart/app/schedule/clean_tmpdir.js
2022-05-04 21:40:04,716 INFO 35540 [egg-schedule]: register schedule /Users/yushengyuan/yushengyuan/personal-project/egg-demo/node_modules/egg-logrotator/app/schedule/clean_log.js
2022-05-04 21:40:04,716 INFO 35540 [egg-schedule]: register schedule /Users/yushengyuan/yushengyuan/personal-project/egg-demo/node_modules/egg-logrotator/app/schedule/rotate_by_file.js
2022-05-04 21:48:20,626 INFO 36354 [Timer] /Users/yushengyuan/yushengyuan/personal-project/egg-demo/node_modules/egg-multipart/app/schedule/clean_tmpdir.js next time will execute after 24099375ms at 2022-05-05 04:30:00.001
2022-05-04 21:48:20,626 INFO 36354 [Timer] /Users/yushengyuan/yushengyuan/personal-project/egg-demo/node_modules/egg-logrotator/app/schedule/clean_log.js next time will execute after 7899374ms at 2022-05-05 00:00:00.000
2022-05-04 21:48:20,626 INFO 36354 [Timer] /Users/yushengyuan/yushengyuan/personal-project/egg-demo/node_modules/egg-logrotator/app/schedule/rotate_by_file.js next time will execute after 7900374ms at 2022-05-05 00:00:01.000
2022-05-04 21:48:20,202 INFO 36355 [egg-schedule]: register schedule /Users/yushengyuan/yushengyuan/personal-project/egg-demo/node_modules/egg-multipart/app/schedule/clean_tmpdir.js
2022-05-04 21:48:20,202 INFO 36355 [egg-schedule]: register schedule /Users/yushengyuan/yushengyuan/personal-project/egg-demo/node_modules/egg-logrotator/app/schedule/clean_log.js
2022-05-04 21:48:20,202 INFO 36355 [egg-schedule]: register schedule /Users/yushengyuan/yushengyuan/personal-project/egg-demo/node_modules/egg-logrotator/app/schedule/rotate_by_file.js
2022-05-04 21:53:25,752 INFO 36838 [egg-schedule]: register schedule /Users/yushengyuan/yushengyuan/personal-project/egg-demo/node_modules/egg-multipart/app/schedule/clean_tmpdir.js
2022-05-04 21:53:25,752 INFO 36838 [egg-schedule]: register schedule /Users/yushengyuan/yushengyuan/personal-project/egg-demo/node_modules/egg-logrotator/app/schedule/clean_log.js
2022-05-04 21:53:25,752 INFO 36838 [egg-schedule]: register schedule /Users/yushengyuan/yushengyuan/personal-project/egg-demo/node_modules/egg-logrotator/app/schedule/rotate_by_file.js
2022-05-04 22:07:38,003 INFO 38054 [Timer] /Users/yushengyuan/yushengyuan/personal-project/egg-demo/node_modules/egg-multipart/app/schedule/clean_tmpdir.js next time will execute after 22941998ms at 2022-05-05 04:30:00.001
2022-05-04 22:07:38,004 INFO 38054 [Timer] /Users/yushengyuan/yushengyuan/personal-project/egg-demo/node_modules/egg-logrotator/app/schedule/clean_log.js next time will execute after 6741996ms at 2022-05-05 00:00:00.000
2022-05-04 22:07:38,004 INFO 38054 [Timer] /Users/yushengyuan/yushengyuan/personal-project/egg-demo/node_modules/egg-logrotator/app/schedule/rotate_by_file.js next time will execute after 6742996ms at 2022-05-05 00:00:01.000
2022-05-04 22:07:37,943 INFO 38057 [egg-schedule]: register schedule /Users/yushengyuan/yushengyuan/personal-project/egg-demo/node_modules/egg-multipart/app/schedule/clean_tmpdir.js
2022-05-04 22:07:37,943 INFO 38057 [egg-schedule]: register schedule /Users/yushengyuan/yushengyuan/personal-project/egg-demo/node_modules/egg-logrotator/app/schedule/clean_log.js
2022-05-04 22:07:37,943 INFO 38057 [egg-schedule]: register schedule /Users/yushengyuan/yushengyuan/personal-project/egg-demo/node_modules/egg-logrotator/app/schedule/rotate_by_file.js
2022-05-04 22:24:26,589 INFO 39422 [egg-schedule]: register schedule /Users/yushengyuan/yushengyuan/personal-project/egg-demo/node_modules/egg-multipart/app/schedule/clean_tmpdir.js
2022-05-04 22:24:26,589 INFO 39422 [egg-schedule]: register schedule /Users/yushengyuan/yushengyuan/personal-project/egg-demo/node_modules/egg-logrotator/app/schedule/clean_log.js
2022-05-04 22:24:26,589 INFO 39422 [egg-schedule]: register schedule /Users/yushengyuan/yushengyuan/personal-project/egg-demo/node_modules/egg-logrotator/app/schedule/rotate_by_file.js
2022-05-04 22:24:50,596 INFO 39438 [egg-schedule]: register schedule /Users/yushengyuan/yushengyuan/personal-project/egg-demo/node_modules/egg-multipart/app/schedule/clean_tmpdir.js
2022-05-04 22:24:50,596 INFO 39438 [egg-schedule]: register schedule /Users/yushengyuan/yushengyuan/personal-project/egg-demo/node_modules/egg-logrotator/app/schedule/clean_log.js
2022-05-04 22:24:50,596 INFO 39438 [egg-schedule]: register schedule /Users/yushengyuan/yushengyuan/personal-project/egg-demo/node_modules/egg-logrotator/app/schedule/rotate_by_file.js
2022-05-04 22:26:36,940 INFO 39557 [egg-schedule]: register schedule /Users/yushengyuan/yushengyuan/personal-project/egg-demo/node_modules/egg-multipart/app/schedule/clean_tmpdir.js
2022-05-04 22:26:36,940 INFO 39557 [egg-schedule]: register schedule /Users/yushengyuan/yushengyuan/personal-project/egg-demo/node_modules/egg-logrotator/app/schedule/clean_log.js
2022-05-04 22:26:36,940 INFO 39557 [egg-schedule]: register schedule /Users/yushengyuan/yushengyuan/personal-project/egg-demo/node_modules/egg-logrotator/app/schedule/rotate_by_file.js
2022-05-04 22:27:03,586 INFO 39580 [Timer] /Users/yushengyuan/yushengyuan/personal-project/egg-demo/node_modules/egg-multipart/app/schedule/clean_tmpdir.js next time will execute after 21776415ms at 2022-05-05 04:30:00.001
2022-05-04 22:27:03,587 INFO 39580 [Timer] /Users/yushengyuan/yushengyuan/personal-project/egg-demo/node_modules/egg-logrotator/app/schedule/clean_log.js next time will execute after 5576413ms at 2022-05-05 00:00:00.000
2022-05-04 22:27:03,587 INFO 39580 [Timer] /Users/yushengyuan/yushengyuan/personal-project/egg-demo/node_modules/egg-logrotator/app/schedule/rotate_by_file.js next time will execute after 5577413ms at 2022-05-05 00:00:01.000
2022-05-04 22:27:03,546 INFO 39583 [egg-schedule]: register schedule /Users/yushengyuan/yushengyuan/personal-project/egg-demo/node_modules/egg-multipart/app/schedule/clean_tmpdir.js
2022-05-04 22:27:03,546 INFO 39583 [egg-schedule]: register schedule /Users/yushengyuan/yushengyuan/personal-project/egg-demo/node_modules/egg-logrotator/app/schedule/clean_log.js
2022-05-04 22:27:03,546 INFO 39583 [egg-schedule]: register schedule /Users/yushengyuan/yushengyuan/personal-project/egg-demo/node_modules/egg-logrotator/app/schedule/rotate_by_file.js
2022-05-04 22:30:32,162 INFO 39853 [egg-schedule]: register schedule /Users/yushengyuan/yushengyuan/personal-project/egg-demo/node_modules/egg-multipart/app/schedule/clean_tmpdir.js
2022-05-04 22:30:32,162 INFO 39853 [egg-schedule]: register schedule /Users/yushengyuan/yushengyuan/personal-project/egg-demo/node_modules/egg-logrotator/app/schedule/clean_log.js
2022-05-04 22:30:32,162 INFO 39853 [egg-schedule]: register schedule /Users/yushengyuan/yushengyuan/personal-project/egg-demo/node_modules/egg-logrotator/app/schedule/rotate_by_file.js
2022-05-04 22:30:39,558 INFO 39870 [Timer] /Users/yushengyuan/yushengyuan/personal-project/egg-demo/node_modules/egg-multipart/app/schedule/clean_tmpdir.js next time will execute after 21560443ms at 2022-05-05 04:30:00.001
2022-05-04 22:30:39,559 INFO 39870 [Timer] /Users/yushengyuan/yushengyuan/personal-project/egg-demo/node_modules/egg-logrotator/app/schedule/clean_log.js next time will execute after 5360442ms at 2022-05-05 00:00:00.001
2022-05-04 22:30:39,559 INFO 39870 [Timer] /Users/yushengyuan/yushengyuan/personal-project/egg-demo/node_modules/egg-logrotator/app/schedule/rotate_by_file.js next time will execute after 5361441ms at 2022-05-05 00:00:01.000
2022-05-04 22:30:39,518 INFO 39876 [egg-schedule]: register schedule /Users/yushengyuan/yushengyuan/personal-project/egg-demo/node_modules/egg-multipart/app/schedule/clean_tmpdir.js
2022-05-04 22:30:39,518 INFO 39876 [egg-schedule]: register schedule /Users/yushengyuan/yushengyuan/personal-project/egg-demo/node_modules/egg-logrotator/app/schedule/clean_log.js
2022-05-04 22:30:39,518 INFO 39876 [egg-schedule]: register schedule /Users/yushengyuan/yushengyuan/personal-project/egg-demo/node_modules/egg-logrotator/app/schedule/rotate_by_file.js
2022-05-04 22:32:41,613 INFO 40112 [Timer] /Users/yushengyuan/yushengyuan/personal-project/egg-demo/node_modules/egg-multipart/app/schedule/clean_tmpdir.js next time will execute after 21438388ms at 2022-05-05 04:30:00.001
2022-05-04 22:32:41,613 INFO 40112 [Timer] /Users/yushengyuan/yushengyuan/personal-project/egg-demo/node_modules/egg-logrotator/app/schedule/clean_log.js next time will execute after 5238387ms at 2022-05-05 00:00:00.000
2022-05-04 22:32:41,613 INFO 40112 [Timer] /Users/yushengyuan/yushengyuan/personal-project/egg-demo/node_modules/egg-logrotator/app/schedule/rotate_by_file.js next time will execute after 5239387ms at 2022-05-05 00:00:01.000
2022-05-04 22:32:41,573 INFO 40114 [egg-schedule]: register schedule /Users/yushengyuan/yushengyuan/personal-project/egg-demo/node_modules/egg-multipart/app/schedule/clean_tmpdir.js
2022-05-04 22:32:41,573 INFO 40114 [egg-schedule]: register schedule /Users/yushengyuan/yushengyuan/personal-project/egg-demo/node_modules/egg-logrotator/app/schedule/clean_log.js
2022-05-04 22:32:41,573 INFO 40114 [egg-schedule]: register schedule /Users/yushengyuan/yushengyuan/personal-project/egg-demo/node_modules/egg-logrotator/app/schedule/rotate_by_file.js
2022-05-04 22:33:40,361 INFO 40152 [egg-schedule]: register schedule /Users/yushengyuan/yushengyuan/personal-project/egg-demo/node_modules/egg-multipart/app/schedule/clean_tmpdir.js
2022-05-04 22:33:40,361 INFO 40152 [egg-schedule]: register schedule /Users/yushengyuan/yushengyuan/personal-project/egg-demo/node_modules/egg-logrotator/app/schedule/clean_log.js
2022-05-04 22:33:40,361 INFO 40152 [egg-schedule]: register schedule /Users/yushengyuan/yushengyuan/personal-project/egg-demo/node_modules/egg-logrotator/app/schedule/rotate_by_file.js
2022-05-04 22:35:15,426 INFO 40258 [egg-schedule]: register schedule /Users/yushengyuan/yushengyuan/personal-project/egg-demo/node_modules/egg-multipart/app/schedule/clean_tmpdir.js
2022-05-04 22:35:15,426 INFO 40258 [egg-schedule]: register schedule /Users/yushengyuan/yushengyuan/personal-project/egg-demo/node_modules/egg-logrotator/app/schedule/clean_log.js
2022-05-04 22:35:15,426 INFO 40258 [egg-schedule]: register schedule /Users/yushengyuan/yushengyuan/personal-project/egg-demo/node_modules/egg-logrotator/app/schedule/rotate_by_file.js
2022-05-04 23:06:06,172 INFO 42583 [Timer] /Users/yushengyuan/yushengyuan/personal-project/egg-demo/node_modules/egg-multipart/app/schedule/clean_tmpdir.js next time will execute after 19433829ms at 2022-05-05 04:30:00.001
2022-05-04 23:06:06,172 INFO 42583 [Timer] /Users/yushengyuan/yushengyuan/personal-project/egg-demo/node_modules/egg-logrotator/app/schedule/clean_log.js next time will execute after 3233828ms at 2022-05-05 00:00:00.000
2022-05-04 23:06:06,172 INFO 42583 [Timer] /Users/yushengyuan/yushengyuan/personal-project/egg-demo/node_modules/egg-logrotator/app/schedule/rotate_by_file.js next time will execute after 3234828ms at 2022-05-05 00:00:01.000
2022-05-04 23:06:06,131 INFO 42586 [egg-schedule]: register schedule /Users/yushengyuan/yushengyuan/personal-project/egg-demo/node_modules/egg-multipart/app/schedule/clean_tmpdir.js
2022-05-04 23:06:06,131 INFO 42586 [egg-schedule]: register schedule /Users/yushengyuan/yushengyuan/personal-project/egg-demo/node_modules/egg-logrotator/app/schedule/clean_log.js
2022-05-04 23:06:06,132 INFO 42586 [egg-schedule]: register schedule /Users/yushengyuan/yushengyuan/personal-project/egg-demo/node_modules/egg-logrotator/app/schedule/rotate_by_file.js
2022-05-04 23:08:20,821 INFO 42757 [Timer] /Users/yushengyuan/yushengyuan/personal-project/egg-demo/node_modules/egg-multipart/app/schedule/clean_tmpdir.js next time will execute after 19299180ms at 2022-05-05 04:30:00.001
2022-05-04 23:08:20,821 INFO 42757 [Timer] /Users/yushengyuan/yushengyuan/personal-project/egg-demo/node_modules/egg-logrotator/app/schedule/clean_log.js next time will execute after 3099179ms at 2022-05-05 00:00:00.000
2022-05-04 23:08:20,822 INFO 42757 [Timer] /Users/yushengyuan/yushengyuan/personal-project/egg-demo/node_modules/egg-logrotator/app/schedule/rotate_by_file.js next time will execute after 3100179ms at 2022-05-05 00:00:01.001
2022-05-04 23:08:20,779 INFO 42762 [egg-schedule]: register schedule /Users/yushengyuan/yushengyuan/personal-project/egg-demo/node_modules/egg-multipart/app/schedule/clean_tmpdir.js
2022-05-04 23:08:20,779 INFO 42762 [egg-schedule]: register schedule /Users/yushengyuan/yushengyuan/personal-project/egg-demo/node_modules/egg-logrotator/app/schedule/clean_log.js
2022-05-04 23:08:20,780 INFO 42762 [egg-schedule]: register schedule /Users/yushengyuan/yushengyuan/personal-project/egg-demo/node_modules/egg-logrotator/app/schedule/rotate_by_file.js
2022-05-05 15:02:11,858 INFO 8354 [Timer] /Users/yushengyuan/yushengyuan/personal-project/egg-demo/node_modules/egg-multipart/app/schedule/clean_tmpdir.js next time will execute after 48468143ms at 2022-05-06 04:30:00.001
2022-05-05 15:02:11,858 INFO 8354 [Timer] /Users/yushengyuan/yushengyuan/personal-project/egg-demo/node_modules/egg-logrotator/app/schedule/clean_log.js next time will execute after 32268142ms at 2022-05-06 00:00:00.000
2022-05-05 15:02:11,859 INFO 8354 [Timer] /Users/yushengyuan/yushengyuan/personal-project/egg-demo/node_modules/egg-logrotator/app/schedule/rotate_by_file.js next time will execute after 32269142ms at 2022-05-06 00:00:01.001
2022-05-05 15:02:11,390 INFO 8378 [egg-schedule]: register schedule /Users/yushengyuan/yushengyuan/personal-project/egg-demo/node_modules/egg-multipart/app/schedule/clean_tmpdir.js
2022-05-05 15:02:11,390 INFO 8378 [egg-schedule]: register schedule /Users/yushengyuan/yushengyuan/personal-project/egg-demo/node_modules/egg-logrotator/app/schedule/clean_log.js
2022-05-05 15:02:11,390 INFO 8378 [egg-schedule]: register schedule /Users/yushengyuan/yushengyuan/personal-project/egg-demo/node_modules/egg-logrotator/app/schedule/rotate_by_file.js
2022-05-05 15:20:19,741 INFO 9888 [egg-schedule]: register schedule /Users/yushengyuan/yushengyuan/personal-project/egg-demo/node_modules/egg-multipart/app/schedule/clean_tmpdir.js
2022-05-05 15:20:19,742 INFO 9888 [egg-schedule]: register schedule /Users/yushengyuan/yushengyuan/personal-project/egg-demo/node_modules/egg-logrotator/app/schedule/clean_log.js
2022-05-05 15:20:19,742 INFO 9888 [egg-schedule]: register schedule /Users/yushengyuan/yushengyuan/personal-project/egg-demo/node_modules/egg-logrotator/app/schedule/rotate_by_file.js
2022-05-05 16:17:01,343 INFO 15811 [Timer] /Users/yushengyuan/yushengyuan/personal-project/Player/egg/node_modules/egg-multipart/app/schedule/clean_tmpdir.js next time will execute after 43978658ms at 2022-05-06 04:30:00.001
2022-05-05 16:17:01,343 INFO 15811 [Timer] /Users/yushengyuan/yushengyuan/personal-project/Player/egg/node_modules/egg-logrotator/app/schedule/clean_log.js next time will execute after 27778657ms at 2022-05-06 00:00:00.000
2022-05-05 16:17:01,344 INFO 15811 [Timer] /Users/yushengyuan/yushengyuan/personal-project/Player/egg/node_modules/egg-logrotator/app/schedule/rotate_by_file.js next time will execute after 27779657ms at 2022-05-06 00:00:01.000
2022-05-05 16:17:00,873 INFO 15812 [egg-schedule]: register schedule /Users/yushengyuan/yushengyuan/personal-project/Player/egg/node_modules/egg-multipart/app/schedule/clean_tmpdir.js
2022-05-05 16:17:00,873 INFO 15812 [egg-schedule]: register schedule /Users/yushengyuan/yushengyuan/personal-project/Player/egg/node_modules/egg-logrotator/app/schedule/clean_log.js
2022-05-05 16:17:00,873 INFO 15812 [egg-schedule]: register schedule /Users/yushengyuan/yushengyuan/personal-project/Player/egg/node_modules/egg-logrotator/app/schedule/rotate_by_file.js
2022-05-05 16:18:07,423 INFO 16024 [Timer] /Users/yushengyuan/yushengyuan/personal-project/Player/egg/node_modules/egg-multipart/app/schedule/clean_tmpdir.js next time will execute after 43912578ms at 2022-05-06 04:30:00.001
2022-05-05 16:18:07,423 INFO 16024 [Timer] /Users/yushengyuan/yushengyuan/personal-project/Player/egg/node_modules/egg-logrotator/app/schedule/clean_log.js next time will execute after 27712577ms at 2022-05-06 00:00:00.000
2022-05-05 16:18:07,423 INFO 16024 [Timer] /Users/yushengyuan/yushengyuan/personal-project/Player/egg/node_modules/egg-logrotator/app/schedule/rotate_by_file.js next time will execute after 27713577ms at 2022-05-06 00:00:01.000
2022-05-05 16:18:07,377 INFO 16026 [egg-schedule]: register schedule /Users/yushengyuan/yushengyuan/personal-project/Player/egg/node_modules/egg-multipart/app/schedule/clean_tmpdir.js
2022-05-05 16:18:07,377 INFO 16026 [egg-schedule]: register schedule /Users/yushengyuan/yushengyuan/personal-project/Player/egg/node_modules/egg-logrotator/app/schedule/clean_log.js
2022-05-05 16:18:07,377 INFO 16026 [egg-schedule]: register schedule /Users/yushengyuan/yushengyuan/personal-project/Player/egg/node_modules/egg-logrotator/app/schedule/rotate_by_file.js
2022-05-05 16:18:53,041 INFO 16084 [egg-schedule]: register schedule /Users/yushengyuan/yushengyuan/personal-project/Player/egg/node_modules/egg-multipart/app/schedule/clean_tmpdir.js
2022-05-05 16:18:53,041 INFO 16084 [egg-schedule]: register schedule /Users/yushengyuan/yushengyuan/personal-project/Player/egg/node_modules/egg-logrotator/app/schedule/clean_log.js
2022-05-05 16:18:53,041 INFO 16084 [egg-schedule]: register schedule /Users/yushengyuan/yushengyuan/personal-project/Player/egg/node_modules/egg-logrotator/app/schedule/rotate_by_file.js
2022-05-05 16:27:49,328 INFO 16846 [Timer] /Users/yushengyuan/yushengyuan/personal-project/Player/egg/node_modules/egg-multipart/app/schedule/clean_tmpdir.js next time will execute after 43330674ms at 2022-05-06 04:30:00.002
2022-05-05 16:27:49,328 INFO 16846 [Timer] /Users/yushengyuan/yushengyuan/personal-project/Player/egg/node_modules/egg-logrotator/app/schedule/clean_log.js next time will execute after 27130672ms at 2022-05-06 00:00:00.000
2022-05-05 16:27:49,328 INFO 16846 [Timer] /Users/yushengyuan/yushengyuan/personal-project/Player/egg/node_modules/egg-logrotator/app/schedule/rotate_by_file.js next time will execute after 27131672ms at 2022-05-06 00:00:01.000
2022-05-05 16:27:49,286 INFO 16847 [egg-schedule]: register schedule /Users/yushengyuan/yushengyuan/personal-project/Player/egg/node_modules/egg-multipart/app/schedule/clean_tmpdir.js
2022-05-05 16:27:49,286 INFO 16847 [egg-schedule]: register schedule /Users/yushengyuan/yushengyuan/personal-project/Player/egg/node_modules/egg-logrotator/app/schedule/clean_log.js
2022-05-05 16:27:49,286 INFO 16847 [egg-schedule]: register schedule /Users/yushengyuan/yushengyuan/personal-project/Player/egg/node_modules/egg-logrotator/app/schedule/rotate_by_file.js
2022-05-05 16:29:13,807 INFO 16952 [egg-schedule]: register schedule /Users/yushengyuan/yushengyuan/personal-project/Player/egg/node_modules/egg-multipart/app/schedule/clean_tmpdir.js
2022-05-05 16:29:13,807 INFO 16952 [egg-schedule]: register schedule /Users/yushengyuan/yushengyuan/personal-project/Player/egg/node_modules/egg-logrotator/app/schedule/clean_log.js
2022-05-05 16:29:13,807 INFO 16952 [egg-schedule]: register schedule /Users/yushengyuan/yushengyuan/personal-project/Player/egg/node_modules/egg-logrotator/app/schedule/rotate_by_file.js
2022-05-05 16:29:13,827 INFO 16953 [egg-schedule]: register schedule /Users/yushengyuan/yushengyuan/personal-project/Player/egg/node_modules/egg-multipart/app/schedule/clean_tmpdir.js
2022-05-05 16:29:13,827 INFO 16953 [egg-schedule]: register schedule /Users/yushengyuan/yushengyuan/personal-project/Player/egg/node_modules/egg-logrotator/app/schedule/clean_log.js
2022-05-05 16:29:13,827 INFO 16953 [egg-schedule]: register schedule /Users/yushengyuan/yushengyuan/personal-project/Player/egg/node_modules/egg-logrotator/app/schedule/rotate_by_file.js
2022-05-05 16:31:28,738 INFO 17130 [Timer] /Users/yushengyuan/yushengyuan/personal-project/Player/egg/node_modules/egg-multipart/app/schedule/clean_tmpdir.js next time will execute after 43111263ms at 2022-05-06 04:30:00.001
2022-05-05 16:31:28,738 INFO 17130 [Timer] /Users/yushengyuan/yushengyuan/personal-project/Player/egg/node_modules/egg-logrotator/app/schedule/clean_log.js next time will execute after 26911262ms at 2022-05-06 00:00:00.000
2022-05-05 16:31:28,738 INFO 17130 [Timer] /Users/yushengyuan/yushengyuan/personal-project/Player/egg/node_modules/egg-logrotator/app/schedule/rotate_by_file.js next time will execute after 26912262ms at 2022-05-06 00:00:01.000
2022-05-05 16:31:28,694 INFO 17131 [egg-schedule]: register schedule /Users/yushengyuan/yushengyuan/personal-project/Player/egg/node_modules/egg-multipart/app/schedule/clean_tmpdir.js
2022-05-05 16:31:28,694 INFO 17131 [egg-schedule]: register schedule /Users/yushengyuan/yushengyuan/personal-project/Player/egg/node_modules/egg-logrotator/app/schedule/clean_log.js
2022-05-05 16:31:28,694 INFO 17131 [egg-schedule]: register schedule /Users/yushengyuan/yushengyuan/personal-project/Player/egg/node_modules/egg-logrotator/app/schedule/rotate_by_file.js
2022-05-05 16:31:42,532 INFO 17181 [Timer] /Users/yushengyuan/yushengyuan/personal-project/Player/egg/node_modules/egg-multipart/app/schedule/clean_tmpdir.js next time will execute after 43097469ms at 2022-05-06 04:30:00.001
2022-05-05 16:31:42,532 INFO 17181 [Timer] /Users/yushengyuan/yushengyuan/personal-project/Player/egg/node_modules/egg-logrotator/app/schedule/clean_log.js next time will execute after 26897468ms at 2022-05-06 00:00:00.000
2022-05-05 16:31:42,532 INFO 17181 [Timer] /Users/yushengyuan/yushengyuan/personal-project/Player/egg/node_modules/egg-logrotator/app/schedule/rotate_by_file.js next time will execute after 26898468ms at 2022-05-06 00:00:01.000
2022-05-05 16:31:42,490 INFO 17182 [egg-schedule]: register schedule /Users/yushengyuan/yushengyuan/personal-project/Player/egg/node_modules/egg-multipart/app/schedule/clean_tmpdir.js
2022-05-05 16:31:42,490 INFO 17182 [egg-schedule]: register schedule /Users/yushengyuan/yushengyuan/personal-project/Player/egg/node_modules/egg-logrotator/app/schedule/clean_log.js
2022-05-05 16:31:42,490 INFO 17182 [egg-schedule]: register schedule /Users/yushengyuan/yushengyuan/personal-project/Player/egg/node_modules/egg-logrotator/app/schedule/rotate_by_file.js
2022-05-05 18:34:38,883 INFO 21596 [Timer] /Users/yushengyuan/yushengyuan/personal-project/Player/egg/node_modules/egg-multipart/app/schedule/clean_tmpdir.js next time will execute after 35721119ms at 2022-05-06 04:30:00.002
2022-05-05 18:34:38,883 INFO 21596 [Timer] /Users/yushengyuan/yushengyuan/personal-project/Player/egg/node_modules/egg-logrotator/app/schedule/clean_log.js next time will execute after 19521117ms at 2022-05-06 00:00:00.000
2022-05-05 18:34:38,883 INFO 21596 [Timer] /Users/yushengyuan/yushengyuan/personal-project/Player/egg/node_modules/egg-logrotator/app/schedule/rotate_by_file.js next time will execute after 19522117ms at 2022-05-06 00:00:01.000
2022-05-05 18:34:38,837 INFO 21603 [egg-schedule]: register schedule /Users/yushengyuan/yushengyuan/personal-project/Player/egg/node_modules/egg-multipart/app/schedule/clean_tmpdir.js
2022-05-05 18:34:38,837 INFO 21603 [egg-schedule]: register schedule /Users/yushengyuan/yushengyuan/personal-project/Player/egg/node_modules/egg-logrotator/app/schedule/clean_log.js
2022-05-05 18:34:38,837 INFO 21603 [egg-schedule]: register schedule /Users/yushengyuan/yushengyuan/personal-project/Player/egg/node_modules/egg-logrotator/app/schedule/rotate_by_file.js
2022-05-05 19:46:40,103 INFO 24819 [Timer] /Users/yushengyuan/yushengyuan/personal-project/Player/egg/node_modules/egg-multipart/app/schedule/clean_tmpdir.js next time will execute after 31399899ms at 2022-05-06 04:30:00.002
2022-05-05 19:46:40,103 INFO 24819 [Timer] /Users/yushengyuan/yushengyuan/personal-project/Player/egg/node_modules/egg-logrotator/app/schedule/clean_log.js next time will execute after 15199897ms at 2022-05-06 00:00:00.000
2022-05-05 19:46:40,103 INFO 24819 [Timer] /Users/yushengyuan/yushengyuan/personal-project/Player/egg/node_modules/egg-logrotator/app/schedule/rotate_by_file.js next time will execute after 15200897ms at 2022-05-06 00:00:01.000
2022-05-05 19:46:40,057 INFO 24821 [egg-schedule]: register schedule /Users/yushengyuan/yushengyuan/personal-project/Player/egg/node_modules/egg-multipart/app/schedule/clean_tmpdir.js
2022-05-05 19:46:40,057 INFO 24821 [egg-schedule]: register schedule /Users/yushengyuan/yushengyuan/personal-project/Player/egg/node_modules/egg-logrotator/app/schedule/clean_log.js
2022-05-05 19:46:40,057 INFO 24821 [egg-schedule]: register schedule /Users/yushengyuan/yushengyuan/personal-project/Player/egg/node_modules/egg-logrotator/app/schedule/rotate_by_file.js
2022-05-05 19:47:01,058 INFO 24897 [Timer] /Users/yushengyuan/yushengyuan/personal-project/Player/egg/node_modules/egg-multipart/app/schedule/clean_tmpdir.js next time will execute after 31378944ms at 2022-05-06 04:30:00.002
2022-05-05 19:47:01,058 INFO 24897 [Timer] /Users/yushengyuan/yushengyuan/personal-project/Player/egg/node_modules/egg-logrotator/app/schedule/clean_log.js next time will execute after 15178942ms at 2022-05-06 00:00:00.000
2022-05-05 19:47:01,058 INFO 24897 [Timer] /Users/yushengyuan/yushengyuan/personal-project/Player/egg/node_modules/egg-logrotator/app/schedule/rotate_by_file.js next time will execute after 15179942ms at 2022-05-06 00:00:01.000
2022-05-05 19:47:01,014 INFO 24898 [egg-schedule]: register schedule /Users/yushengyuan/yushengyuan/personal-project/Player/egg/node_modules/egg-multipart/app/schedule/clean_tmpdir.js
2022-05-05 19:47:01,014 INFO 24898 [egg-schedule]: register schedule /Users/yushengyuan/yushengyuan/personal-project/Player/egg/node_modules/egg-logrotator/app/schedule/clean_log.js
2022-05-05 19:47:01,014 INFO 24898 [egg-schedule]: register schedule /Users/yushengyuan/yushengyuan/personal-project/Player/egg/node_modules/egg-logrotator/app/schedule/rotate_by_file.js
2022-05-05 19:48:27,452 INFO 24998 [Timer] /Users/yushengyuan/yushengyuan/personal-project/Player/egg/node_modules/egg-multipart/app/schedule/clean_tmpdir.js next time will execute after 31292549ms at 2022-05-06 04:30:00.001
2022-05-05 19:48:27,453 INFO 24998 [Timer] /Users/yushengyuan/yushengyuan/personal-project/Player/egg/node_modules/egg-logrotator/app/schedule/clean_log.js next time will execute after 15092548ms at 2022-05-06 00:00:00.001
2022-05-05 19:48:27,453 INFO 24998 [Timer] /Users/yushengyuan/yushengyuan/personal-project/Player/egg/node_modules/egg-logrotator/app/schedule/rotate_by_file.js next time will execute after 15093547ms at 2022-05-06 00:00:01.000
2022-05-05 19:48:27,409 INFO 25000 [egg-schedule]: register schedule /Users/yushengyuan/yushengyuan/personal-project/Player/egg/node_modules/egg-multipart/app/schedule/clean_tmpdir.js
2022-05-05 19:48:27,409 INFO 25000 [egg-schedule]: register schedule /Users/yushengyuan/yushengyuan/personal-project/Player/egg/node_modules/egg-logrotator/app/schedule/clean_log.js
2022-05-05 19:48:27,409 INFO 25000 [egg-schedule]: register schedule /Users/yushengyuan/yushengyuan/personal-project/Player/egg/node_modules/egg-logrotator/app/schedule/rotate_by_file.js
2022-05-05 19:49:00,994 INFO 25066 [Timer] /Users/yushengyuan/yushengyuan/personal-project/Player/egg/node_modules/egg-multipart/app/schedule/clean_tmpdir.js next time will execute after 31259008ms at 2022-05-06 04:30:00.002
2022-05-05 19:49:00,994 INFO 25066 [Timer] /Users/yushengyuan/yushengyuan/personal-project/Player/egg/node_modules/egg-logrotator/app/schedule/clean_log.js next time will execute after 15059006ms at 2022-05-06 00:00:00.000
2022-05-05 19:49:00,994 INFO 25066 [Timer] /Users/yushengyuan/yushengyuan/personal-project/Player/egg/node_modules/egg-logrotator/app/schedule/rotate_by_file.js next time will execute after 15060006ms at 2022-05-06 00:00:01.000
2022-05-05 19:49:00,950 INFO 25089 [egg-schedule]: register schedule /Users/yushengyuan/yushengyuan/personal-project/Player/egg/node_modules/egg-multipart/app/schedule/clean_tmpdir.js
2022-05-05 19:49:00,950 INFO 25089 [egg-schedule]: register schedule /Users/yushengyuan/yushengyuan/personal-project/Player/egg/node_modules/egg-logrotator/app/schedule/clean_log.js
2022-05-05 19:49:00,950 INFO 25089 [egg-schedule]: register schedule /Users/yushengyuan/yushengyuan/personal-project/Player/egg/node_modules/egg-logrotator/app/schedule/rotate_by_file.js
2022-05-05 19:49:53,225 INFO 25198 [Timer] /Users/yushengyuan/yushengyuan/personal-project/Player/egg/node_modules/egg-multipart/app/schedule/clean_tmpdir.js next time will execute after 31206776ms at 2022-05-06 04:30:00.001
2022-05-05 19:49:53,226 INFO 25198 [Timer] /Users/yushengyuan/yushengyuan/personal-project/Player/egg/node_modules/egg-logrotator/app/schedule/clean_log.js next time will execute after 15006774ms at 2022-05-06 00:00:00.000
2022-05-05 19:49:53,226 INFO 25198 [Timer] /Users/yushengyuan/yushengyuan/personal-project/Player/egg/node_modules/egg-logrotator/app/schedule/rotate_by_file.js next time will execute after 15007774ms at 2022-05-06 00:00:01.000
2022-05-05 19:49:53,182 INFO 25200 [egg-schedule]: register schedule /Users/yushengyuan/yushengyuan/personal-project/Player/egg/node_modules/egg-multipart/app/schedule/clean_tmpdir.js
2022-05-05 19:49:53,182 INFO 25200 [egg-schedule]: register schedule /Users/yushengyuan/yushengyuan/personal-project/Player/egg/node_modules/egg-logrotator/app/schedule/clean_log.js
2022-05-05 19:49:53,182 INFO 25200 [egg-schedule]: register schedule /Users/yushengyuan/yushengyuan/personal-project/Player/egg/node_modules/egg-logrotator/app/schedule/rotate_by_file.js
2022-05-05 19:50:23,261 INFO 25255 [Timer] /Users/yushengyuan/yushengyuan/personal-project/Player/egg/node_modules/egg-multipart/app/schedule/clean_tmpdir.js next time will execute after 31176741ms at 2022-05-06 04:30:00.002
2022-05-05 19:50:23,261 INFO 25255 [Timer] /Users/yushengyuan/yushengyuan/personal-project/Player/egg/node_modules/egg-logrotator/app/schedule/clean_log.js next time will execute after 14976739ms at 2022-05-06 00:00:00.000
2022-05-05 19:50:23,261 INFO 25255 [Timer] /Users/yushengyuan/yushengyuan/personal-project/Player/egg/node_modules/egg-logrotator/app/schedule/rotate_by_file.js next time will execute after 14977739ms at 2022-05-06 00:00:01.000
2022-05-05 19:50:23,215 INFO 25256 [egg-schedule]: register schedule /Users/yushengyuan/yushengyuan/personal-project/Player/egg/node_modules/egg-multipart/app/schedule/clean_tmpdir.js
2022-05-05 19:50:23,215 INFO 25256 [egg-schedule]: register schedule /Users/yushengyuan/yushengyuan/personal-project/Player/egg/node_modules/egg-logrotator/app/schedule/clean_log.js
2022-05-05 19:50:23,215 INFO 25256 [egg-schedule]: register schedule /Users/yushengyuan/yushengyuan/personal-project/Player/egg/node_modules/egg-logrotator/app/schedule/rotate_by_file.js
2022-05-05 19:50:47,997 INFO 25316 [Timer] /Users/yushengyuan/yushengyuan/personal-project/Player/egg/node_modules/egg-multipart/app/schedule/clean_tmpdir.js next time will execute after 31152005ms at 2022-05-06 04:30:00.002
2022-05-05 19:50:47,997 INFO 25316 [Timer] /Users/yushengyuan/yushengyuan/personal-project/Player/egg/node_modules/egg-logrotator/app/schedule/clean_log.js next time will execute after 14952003ms at 2022-05-06 00:00:00.000
2022-05-05 19:50:47,997 INFO 25316 [Timer] /Users/yushengyuan/yushengyuan/personal-project/Player/egg/node_modules/egg-logrotator/app/schedule/rotate_by_file.js next time will execute after 14953003ms at 2022-05-06 00:00:01.000
2022-05-05 19:50:47,952 INFO 25317 [egg-schedule]: register schedule /Users/yushengyuan/yushengyuan/personal-project/Player/egg/node_modules/egg-multipart/app/schedule/clean_tmpdir.js
2022-05-05 19:50:47,952 INFO 25317 [egg-schedule]: register schedule /Users/yushengyuan/yushengyuan/personal-project/Player/egg/node_modules/egg-logrotator/app/schedule/clean_log.js
2022-05-05 19:50:47,952 INFO 25317 [egg-schedule]: register schedule /Users/yushengyuan/yushengyuan/personal-project/Player/egg/node_modules/egg-logrotator/app/schedule/rotate_by_file.js
2022-05-05 19:52:07,890 INFO 25504 [Timer] /Users/yushengyuan/yushengyuan/personal-project/Player/egg/node_modules/egg-multipart/app/schedule/clean_tmpdir.js next time will execute after 31072111ms at 2022-05-06 04:30:00.001
2022-05-05 19:52:07,890 INFO 25504 [Timer] /Users/yushengyuan/yushengyuan/personal-project/Player/egg/node_modules/egg-logrotator/app/schedule/clean_log.js next time will execute after 14872110ms at 2022-05-06 00:00:00.000
2022-05-05 19:52:07,890 INFO 25504 [Timer] /Users/yushengyuan/yushengyuan/personal-project/Player/egg/node_modules/egg-logrotator/app/schedule/rotate_by_file.js next time will execute after 14873110ms at 2022-05-06 00:00:01.000
2022-05-05 19:52:07,817 INFO 25517 [egg-schedule]: register schedule /Users/yushengyuan/yushengyuan/personal-project/Player/egg/node_modules/egg-multipart/app/schedule/clean_tmpdir.js
2022-05-05 19:52:07,817 INFO 25517 [egg-schedule]: register schedule /Users/yushengyuan/yushengyuan/personal-project/Player/egg/node_modules/egg-logrotator/app/schedule/clean_log.js
2022-05-05 19:52:07,817 INFO 25517 [egg-schedule]: register schedule /Users/yushengyuan/yushengyuan/personal-project/Player/egg/node_modules/egg-logrotator/app/schedule/rotate_by_file.js
2022-05-05 19:52:30,443 INFO 25561 [Timer] /Users/yushengyuan/yushengyuan/personal-project/Player/egg/node_modules/egg-multipart/app/schedule/clean_tmpdir.js next time will execute after 31049559ms at 2022-05-06 04:30:00.002
2022-05-05 19:52:30,443 INFO 25561 [Timer] /Users/yushengyuan/yushengyuan/personal-project/Player/egg/node_modules/egg-logrotator/app/schedule/clean_log.js next time will execute after 14849557ms at 2022-05-06 00:00:00.000
2022-05-05 19:52:30,443 INFO 25561 [Timer] /Users/yushengyuan/yushengyuan/personal-project/Player/egg/node_modules/egg-logrotator/app/schedule/rotate_by_file.js next time will execute after 14850557ms at 2022-05-06 00:00:01.000
2022-05-05 19:52:30,393 INFO 25562 [egg-schedule]: register schedule /Users/yushengyuan/yushengyuan/personal-project/Player/egg/node_modules/egg-multipart/app/schedule/clean_tmpdir.js
2022-05-05 19:52:30,393 INFO 25562 [egg-schedule]: register schedule /Users/yushengyuan/yushengyuan/personal-project/Player/egg/node_modules/egg-logrotator/app/schedule/clean_log.js
2022-05-05 19:52:30,393 INFO 25562 [egg-schedule]: register schedule /Users/yushengyuan/yushengyuan/personal-project/Player/egg/node_modules/egg-logrotator/app/schedule/rotate_by_file.js
2022-05-05 19:52:41,137 INFO 25591 [Timer] /Users/yushengyuan/yushengyuan/personal-project/Player/egg/node_modules/egg-multipart/app/schedule/clean_tmpdir.js next time will execute after 31038864ms at 2022-05-06 04:30:00.001
2022-05-05 19:52:41,138 INFO 25591 [Timer] /Users/yushengyuan/yushengyuan/personal-project/Player/egg/node_modules/egg-logrotator/app/schedule/clean_log.js next time will execute after 14838863ms at 2022-05-06 00:00:00.001
2022-05-05 19:52:41,138 INFO 25591 [Timer] /Users/yushengyuan/yushengyuan/personal-project/Player/egg/node_modules/egg-logrotator/app/schedule/rotate_by_file.js next time will execute after 14839862ms at 2022-05-06 00:00:01.000
2022-05-05 19:52:41,094 INFO 25592 [egg-schedule]: register schedule /Users/yushengyuan/yushengyuan/personal-project/Player/egg/node_modules/egg-multipart/app/schedule/clean_tmpdir.js
2022-05-05 19:52:41,094 INFO 25592 [egg-schedule]: register schedule /Users/yushengyuan/yushengyuan/personal-project/Player/egg/node_modules/egg-logrotator/app/schedule/clean_log.js
2022-05-05 19:52:41,094 INFO 25592 [egg-schedule]: register schedule /Users/yushengyuan/yushengyuan/personal-project/Player/egg/node_modules/egg-logrotator/app/schedule/rotate_by_file.js
2022-05-05 19:53:11,665 INFO 25670 [Timer] /Users/yushengyuan/yushengyuan/personal-project/Player/egg/node_modules/egg-multipart/app/schedule/clean_tmpdir.js next time will execute after 31008336ms at 2022-05-06 04:30:00.001
2022-05-05 19:53:11,666 INFO 25670 [Timer] /Users/yushengyuan/yushengyuan/personal-project/Player/egg/node_modules/egg-logrotator/app/schedule/clean_log.js next time will execute after 14808335ms at 2022-05-06 00:00:00.001
2022-05-05 19:53:11,666 INFO 25670 [Timer] /Users/yushengyuan/yushengyuan/personal-project/Player/egg/node_modules/egg-logrotator/app/schedule/rotate_by_file.js next time will execute after 14809334ms at 2022-05-06 00:00:01.000
2022-05-05 19:53:11,623 INFO 25671 [egg-schedule]: register schedule /Users/yushengyuan/yushengyuan/personal-project/Player/egg/node_modules/egg-multipart/app/schedule/clean_tmpdir.js
2022-05-05 19:53:11,623 INFO 25671 [egg-schedule]: register schedule /Users/yushengyuan/yushengyuan/personal-project/Player/egg/node_modules/egg-logrotator/app/schedule/clean_log.js
2022-05-05 19:53:11,623 INFO 25671 [egg-schedule]: register schedule /Users/yushengyuan/yushengyuan/personal-project/Player/egg/node_modules/egg-logrotator/app/schedule/rotate_by_file.js
2022-05-05 20:06:18,330 INFO 26581 [Timer] /Users/yushengyuan/yushengyuan/personal-project/Player/egg/node_modules/egg-multipart/app/schedule/clean_tmpdir.js next time will execute after 30221672ms at 2022-05-06 04:30:00.002
2022-05-05 20:06:18,330 INFO 26581 [Timer] /Users/yushengyuan/yushengyuan/personal-project/Player/egg/node_modules/egg-logrotator/app/schedule/clean_log.js next time will execute after 14021670ms at 2022-05-06 00:00:00.000
2022-05-05 20:06:18,330 INFO 26581 [Timer] /Users/yushengyuan/yushengyuan/personal-project/Player/egg/node_modules/egg-logrotator/app/schedule/rotate_by_file.js next time will execute after 14022670ms at 2022-05-06 00:00:01.000
2022-05-05 20:06:18,288 INFO 26582 [egg-schedule]: register schedule /Users/yushengyuan/yushengyuan/personal-project/Player/egg/node_modules/egg-multipart/app/schedule/clean_tmpdir.js
2022-05-05 20:06:18,288 INFO 26582 [egg-schedule]: register schedule /Users/yushengyuan/yushengyuan/personal-project/Player/egg/node_modules/egg-logrotator/app/schedule/clean_log.js
2022-05-05 20:06:18,288 INFO 26582 [egg-schedule]: register schedule /Users/yushengyuan/yushengyuan/personal-project/Player/egg/node_modules/egg-logrotator/app/schedule/rotate_by_file.js
2022-05-05 20:06:25,801 INFO 26611 [Timer] /Users/yushengyuan/yushengyuan/personal-project/Player/egg/node_modules/egg-multipart/app/schedule/clean_tmpdir.js next time will execute after 30214200ms at 2022-05-06 04:30:00.001
2022-05-05 20:06:25,802 INFO 26611 [Timer] /Users/yushengyuan/yushengyuan/personal-project/Player/egg/node_modules/egg-logrotator/app/schedule/clean_log.js next time will execute after 14014198ms at 2022-05-06 00:00:00.000
2022-05-05 20:06:25,802 INFO 26611 [Timer] /Users/yushengyuan/yushengyuan/personal-project/Player/egg/node_modules/egg-logrotator/app/schedule/rotate_by_file.js next time will execute after 14015198ms at 2022-05-06 00:00:01.000
2022-05-05 20:06:25,758 INFO 26612 [egg-schedule]: register schedule /Users/yushengyuan/yushengyuan/personal-project/Player/egg/node_modules/egg-multipart/app/schedule/clean_tmpdir.js
2022-05-05 20:06:25,758 INFO 26612 [egg-schedule]: register schedule /Users/yushengyuan/yushengyuan/personal-project/Player/egg/node_modules/egg-logrotator/app/schedule/clean_log.js
2022-05-05 20:06:25,758 INFO 26612 [egg-schedule]: register schedule /Users/yushengyuan/yushengyuan/personal-project/Player/egg/node_modules/egg-logrotator/app/schedule/rotate_by_file.js
2022-05-05 20:06:36,185 INFO 26645 [Timer] /Users/yushengyuan/yushengyuan/personal-project/Player/egg/node_modules/egg-multipart/app/schedule/clean_tmpdir.js next time will execute after 30203816ms at 2022-05-06 04:30:00.001
2022-05-05 20:06:36,185 INFO 26645 [Timer] /Users/yushengyuan/yushengyuan/personal-project/Player/egg/node_modules/egg-logrotator/app/schedule/clean_log.js next time will execute after 14003815ms at 2022-05-06 00:00:00.000
2022-05-05 20:06:36,185 INFO 26645 [Timer] /Users/yushengyuan/yushengyuan/personal-project/Player/egg/node_modules/egg-logrotator/app/schedule/rotate_by_file.js next time will execute after 14004815ms at 2022-05-06 00:00:01.000
2022-05-05 20:06:36,139 INFO 26646 [egg-schedule]: register schedule /Users/yushengyuan/yushengyuan/personal-project/Player/egg/node_modules/egg-multipart/app/schedule/clean_tmpdir.js
2022-05-05 20:06:36,139 INFO 26646 [egg-schedule]: register schedule /Users/yushengyuan/yushengyuan/personal-project/Player/egg/node_modules/egg-logrotator/app/schedule/clean_log.js
2022-05-05 20:06:36,139 INFO 26646 [egg-schedule]: register schedule /Users/yushengyuan/yushengyuan/personal-project/Player/egg/node_modules/egg-logrotator/app/schedule/rotate_by_file.js
2022-05-05 20:21:15,997 INFO 27630 [Timer] /Users/yushengyuan/yushengyuan/personal-project/Player/egg/node_modules/egg-multipart/app/schedule/clean_tmpdir.js next time will execute after 29324004ms at 2022-05-06 04:30:00.001
2022-05-05 20:21:15,997 INFO 27630 [Timer] /Users/yushengyuan/yushengyuan/personal-project/Player/egg/node_modules/egg-logrotator/app/schedule/clean_log.js next time will execute after 13124003ms at 2022-05-06 00:00:00.000
2022-05-05 20:21:15,997 INFO 27630 [Timer] /Users/yushengyuan/yushengyuan/personal-project/Player/egg/node_modules/egg-logrotator/app/schedule/rotate_by_file.js next time will execute after 13125003ms at 2022-05-06 00:00:01.000
2022-05-05 20:21:15,953 INFO 27633 [egg-schedule]: register schedule /Users/yushengyuan/yushengyuan/personal-project/Player/egg/node_modules/egg-multipart/app/schedule/clean_tmpdir.js
2022-05-05 20:21:15,953 INFO 27633 [egg-schedule]: register schedule /Users/yushengyuan/yushengyuan/personal-project/Player/egg/node_modules/egg-logrotator/app/schedule/clean_log.js
2022-05-05 20:21:15,953 INFO 27633 [egg-schedule]: register schedule /Users/yushengyuan/yushengyuan/personal-project/Player/egg/node_modules/egg-logrotator/app/schedule/rotate_by_file.js
2022-05-05 20:23:35,635 INFO 27872 [Timer] /Users/yushengyuan/yushengyuan/personal-project/Player/egg/node_modules/egg-multipart/app/schedule/clean_tmpdir.js next time will execute after 29184367ms at 2022-05-06 04:30:00.002
2022-05-05 20:23:35,635 INFO 27872 [Timer] /Users/yushengyuan/yushengyuan/personal-project/Player/egg/node_modules/egg-logrotator/app/schedule/clean_log.js next time will execute after 12984365ms at 2022-05-06 00:00:00.000
2022-05-05 20:23:35,635 INFO 27872 [Timer] /Users/yushengyuan/yushengyuan/personal-project/Player/egg/node_modules/egg-logrotator/app/schedule/rotate_by_file.js next time will execute after 12985365ms at 2022-05-06 00:00:01.000
2022-05-05 20:23:35,591 INFO 27874 [egg-schedule]: register schedule /Users/yushengyuan/yushengyuan/personal-project/Player/egg/node_modules/egg-multipart/app/schedule/clean_tmpdir.js
2022-05-05 20:23:35,591 INFO 27874 [egg-schedule]: register schedule /Users/yushengyuan/yushengyuan/personal-project/Player/egg/node_modules/egg-logrotator/app/schedule/clean_log.js
2022-05-05 20:23:35,591 INFO 27874 [egg-schedule]: register schedule /Users/yushengyuan/yushengyuan/personal-project/Player/egg/node_modules/egg-logrotator/app/schedule/rotate_by_file.js
2022-05-05 20:24:22,117 INFO 27969 [Timer] /Users/yushengyuan/yushengyuan/personal-project/Player/egg/node_modules/egg-multipart/app/schedule/clean_tmpdir.js next time will execute after 29137884ms at 2022-05-06 04:30:00.001
2022-05-05 20:24:22,117 INFO 27969 [Timer] /Users/yushengyuan/yushengyuan/personal-project/Player/egg/node_modules/egg-logrotator/app/schedule/clean_log.js next time will execute after 12937883ms at 2022-05-06 00:00:00.000
2022-05-05 20:24:22,117 INFO 27969 [Timer] /Users/yushengyuan/yushengyuan/personal-project/Player/egg/node_modules/egg-logrotator/app/schedule/rotate_by_file.js next time will execute after 12938883ms at 2022-05-06 00:00:01.000
2022-05-05 20:24:22,073 INFO 27971 [egg-schedule]: register schedule /Users/yushengyuan/yushengyuan/personal-project/Player/egg/node_modules/egg-multipart/app/schedule/clean_tmpdir.js
2022-05-05 20:24:22,073 INFO 27971 [egg-schedule]: register schedule /Users/yushengyuan/yushengyuan/personal-project/Player/egg/node_modules/egg-logrotator/app/schedule/clean_log.js
2022-05-05 20:24:22,073 INFO 27971 [egg-schedule]: register schedule /Users/yushengyuan/yushengyuan/personal-project/Player/egg/node_modules/egg-logrotator/app/schedule/rotate_by_file.js
2022-05-05 20:39:58,160 INFO 29042 [Timer] /Users/yushengyuan/yushengyuan/personal-project/Player/egg/node_modules/egg-multipart/app/schedule/clean_tmpdir.js next time will execute after 28201841ms at 2022-05-06 04:30:00.001
2022-05-05 20:39:58,161 INFO 29042 [Timer] /Users/yushengyuan/yushengyuan/personal-project/Player/egg/node_modules/egg-logrotator/app/schedule/clean_log.js next time will execute after 12001840ms at 2022-05-06 00:00:00.001
2022-05-05 20:39:58,161 INFO 29042 [Timer] /Users/yushengyuan/yushengyuan/personal-project/Player/egg/node_modules/egg-logrotator/app/schedule/rotate_by_file.js next time will execute after 12002839ms at 2022-05-06 00:00:01.000
2022-05-05 20:39:58,118 INFO 29043 [egg-schedule]: register schedule /Users/yushengyuan/yushengyuan/personal-project/Player/egg/node_modules/egg-multipart/app/schedule/clean_tmpdir.js
2022-05-05 20:39:58,118 INFO 29043 [egg-schedule]: register schedule /Users/yushengyuan/yushengyuan/personal-project/Player/egg/node_modules/egg-logrotator/app/schedule/clean_log.js
2022-05-05 20:39:58,118 INFO 29043 [egg-schedule]: register schedule /Users/yushengyuan/yushengyuan/personal-project/Player/egg/node_modules/egg-logrotator/app/schedule/rotate_by_file.js
2022-05-05 21:22:03,730 INFO 31979 [Timer] /Users/yushengyuan/yushengyuan/personal-project/Player/egg/node_modules/egg-multipart/app/schedule/clean_tmpdir.js next time will execute after 25676272ms at 2022-05-06 04:30:00.002
2022-05-05 21:22:03,730 INFO 31979 [Timer] /Users/yushengyuan/yushengyuan/personal-project/Player/egg/node_modules/egg-logrotator/app/schedule/clean_log.js next time will execute after 9476270ms at 2022-05-06 00:00:00.000
2022-05-05 21:22:03,730 INFO 31979 [Timer] /Users/yushengyuan/yushengyuan/personal-project/Player/egg/node_modules/egg-logrotator/app/schedule/rotate_by_file.js next time will execute after 9477270ms at 2022-05-06 00:00:01.000
2022-05-05 21:22:03,662 INFO 31985 [egg-schedule]: register schedule /Users/yushengyuan/yushengyuan/personal-project/Player/egg/node_modules/egg-multipart/app/schedule/clean_tmpdir.js
2022-05-05 21:22:03,662 INFO 31985 [egg-schedule]: register schedule /Users/yushengyuan/yushengyuan/personal-project/Player/egg/node_modules/egg-logrotator/app/schedule/clean_log.js
2022-05-05 21:22:03,662 INFO 31985 [egg-schedule]: register schedule /Users/yushengyuan/yushengyuan/personal-project/Player/egg/node_modules/egg-logrotator/app/schedule/rotate_by_file.js
2022-05-05 21:23:01,070 INFO 32093 [Timer] /Users/yushengyuan/yushengyuan/personal-project/Player/egg/node_modules/egg-multipart/app/schedule/clean_tmpdir.js next time will execute after 25618932ms at 2022-05-06 04:30:00.002
2022-05-05 21:23:01,070 INFO 32093 [Timer] /Users/yushengyuan/yushengyuan/personal-project/Player/egg/node_modules/egg-logrotator/app/schedule/clean_log.js next time will execute after 9418930ms at 2022-05-06 00:00:00.000
2022-05-05 21:23:01,070 INFO 32093 [Timer] /Users/yushengyuan/yushengyuan/personal-project/Player/egg/node_modules/egg-logrotator/app/schedule/rotate_by_file.js next time will execute after 9419930ms at 2022-05-06 00:00:01.000
2022-05-05 21:23:01,021 INFO 32094 [egg-schedule]: register schedule /Users/yushengyuan/yushengyuan/personal-project/Player/egg/node_modules/egg-multipart/app/schedule/clean_tmpdir.js
2022-05-05 21:23:01,021 INFO 32094 [egg-schedule]: register schedule /Users/yushengyuan/yushengyuan/personal-project/Player/egg/node_modules/egg-logrotator/app/schedule/clean_log.js
2022-05-05 21:23:01,021 INFO 32094 [egg-schedule]: register schedule /Users/yushengyuan/yushengyuan/personal-project/Player/egg/node_modules/egg-logrotator/app/schedule/rotate_by_file.js
2022-05-05 21:51:18,955 INFO 33986 [Timer] /Users/yushengyuan/yushengyuan/personal-project/Player/egg/node_modules/egg-multipart/app/schedule/clean_tmpdir.js next time will execute after 23921046ms at 2022-05-06 04:30:00.001
2022-05-05 21:51:18,955 INFO 33986 [Timer] /Users/yushengyuan/yushengyuan/personal-project/Player/egg/node_modules/egg-logrotator/app/schedule/clean_log.js next time will execute after 7721045ms at 2022-05-06 00:00:00.000
2022-05-05 21:51:18,955 INFO 33986 [Timer] /Users/yushengyuan/yushengyuan/personal-project/Player/egg/node_modules/egg-logrotator/app/schedule/rotate_by_file.js next time will execute after 7722045ms at 2022-05-06 00:00:01.000
2022-05-05 21:51:18,912 INFO 33988 [egg-schedule]: register schedule /Users/yushengyuan/yushengyuan/personal-project/Player/egg/node_modules/egg-multipart/app/schedule/clean_tmpdir.js
2022-05-05 21:51:18,912 INFO 33988 [egg-schedule]: register schedule /Users/yushengyuan/yushengyuan/personal-project/Player/egg/node_modules/egg-logrotator/app/schedule/clean_log.js
2022-05-05 21:51:18,912 INFO 33988 [egg-schedule]: register schedule /Users/yushengyuan/yushengyuan/personal-project/Player/egg/node_modules/egg-logrotator/app/schedule/rotate_by_file.js
2022-05-05 22:19:42,523 INFO 35856 [Timer] /Users/yushengyuan/yushengyuan/personal-project/Player/egg/node_modules/egg-multipart/app/schedule/clean_tmpdir.js next time will execute after 22217479ms at 2022-05-06 04:30:00.002
2022-05-05 22:19:42,523 INFO 35856 [Timer] /Users/yushengyuan/yushengyuan/personal-project/Player/egg/node_modules/egg-logrotator/app/schedule/clean_log.js next time will execute after 6017477ms at 2022-05-06 00:00:00.000
2022-05-05 22:19:42,523 INFO 35856 [Timer] /Users/yushengyuan/yushengyuan/personal-project/Player/egg/node_modules/egg-logrotator/app/schedule/rotate_by_file.js next time will execute after 6018477ms at 2022-05-06 00:00:01.000
2022-05-05 22:19:42,479 INFO 35882 [egg-schedule]: register schedule /Users/yushengyuan/yushengyuan/personal-project/Player/egg/node_modules/egg-multipart/app/schedule/clean_tmpdir.js
2022-05-05 22:19:42,479 INFO 35882 [egg-schedule]: register schedule /Users/yushengyuan/yushengyuan/personal-project/Player/egg/node_modules/egg-logrotator/app/schedule/clean_log.js
2022-05-05 22:19:42,479 INFO 35882 [egg-schedule]: register schedule /Users/yushengyuan/yushengyuan/personal-project/Player/egg/node_modules/egg-logrotator/app/schedule/rotate_by_file.js
2022-05-05 22:23:33,079 INFO 36194 [Timer] /Users/yushengyuan/yushengyuan/personal-project/Player/egg/node_modules/egg-multipart/app/schedule/clean_tmpdir.js next time will execute after 21986923ms at 2022-05-06 04:30:00.002
2022-05-05 22:23:33,079 INFO 36194 [Timer] /Users/yushengyuan/yushengyuan/personal-project/Player/egg/node_modules/egg-logrotator/app/schedule/clean_log.js next time will execute after 5786921ms at 2022-05-06 00:00:00.000
2022-05-05 22:23:33,079 INFO 36194 [Timer] /Users/yushengyuan/yushengyuan/personal-project/Player/egg/node_modules/egg-logrotator/app/schedule/rotate_by_file.js next time will execute after 5787921ms at 2022-05-06 00:00:01.000
2022-05-05 22:23:33,035 INFO 36195 [egg-schedule]: register schedule /Users/yushengyuan/yushengyuan/personal-project/Player/egg/node_modules/egg-multipart/app/schedule/clean_tmpdir.js
2022-05-05 22:23:33,035 INFO 36195 [egg-schedule]: register schedule /Users/yushengyuan/yushengyuan/personal-project/Player/egg/node_modules/egg-logrotator/app/schedule/clean_log.js
2022-05-05 22:23:33,035 INFO 36195 [egg-schedule]: register schedule /Users/yushengyuan/yushengyuan/personal-project/Player/egg/node_modules/egg-logrotator/app/schedule/rotate_by_file.js
2022-05-05 22:32:27,156 INFO 36882 [Timer] /Users/yushengyuan/yushengyuan/personal-project/Player/egg/node_modules/egg-multipart/app/schedule/clean_tmpdir.js next time will execute after 21452847ms at 2022-05-06 04:30:00.003
2022-05-05 22:32:27,156 INFO 36882 [Timer] /Users/yushengyuan/yushengyuan/personal-project/Player/egg/node_modules/egg-logrotator/app/schedule/clean_log.js next time will execute after 5252844ms at 2022-05-06 00:00:00.000
2022-05-05 22:32:27,157 INFO 36882 [Timer] /Users/yushengyuan/yushengyuan/personal-project/Player/egg/node_modules/egg-logrotator/app/schedule/rotate_by_file.js next time will execute after 5253844ms at 2022-05-06 00:00:01.001
2022-05-05 22:32:27,079 INFO 36884 [egg-schedule]: register schedule /Users/yushengyuan/yushengyuan/personal-project/Player/egg/node_modules/egg-multipart/app/schedule/clean_tmpdir.js
2022-05-05 22:32:27,079 INFO 36884 [egg-schedule]: register schedule /Users/yushengyuan/yushengyuan/personal-project/Player/egg/node_modules/egg-logrotator/app/schedule/clean_log.js
2022-05-05 22:32:27,079 INFO 36884 [egg-schedule]: register schedule /Users/yushengyuan/yushengyuan/personal-project/Player/egg/node_modules/egg-logrotator/app/schedule/rotate_by_file.js
2022-05-06 09:34:05,077 INFO 1746 [Timer] /Users/yushengyuan/yushengyuan/personal-project/Player/egg/node_modules/egg-multipart/app/schedule/clean_tmpdir.js next time will execute after 68154924ms at 2022-05-07 04:30:00.001
2022-05-06 09:34:05,077 INFO 1746 [Timer] /Users/yushengyuan/yushengyuan/personal-project/Player/egg/node_modules/egg-logrotator/app/schedule/clean_log.js next time will execute after 51954923ms at 2022-05-07 00:00:00.000
2022-05-06 09:34:05,077 INFO 1746 [Timer] /Users/yushengyuan/yushengyuan/personal-project/Player/egg/node_modules/egg-logrotator/app/schedule/rotate_by_file.js next time will execute after 51955923ms at 2022-05-07 00:00:01.000
2022-05-06 09:34:04,581 INFO 1747 [egg-schedule]: register schedule /Users/yushengyuan/yushengyuan/personal-project/Player/egg/node_modules/egg-multipart/app/schedule/clean_tmpdir.js
2022-05-06 09:34:04,581 INFO 1747 [egg-schedule]: register schedule /Users/yushengyuan/yushengyuan/personal-project/Player/egg/node_modules/egg-logrotator/app/schedule/clean_log.js
2022-05-06 09:34:04,581 INFO 1747 [egg-schedule]: register schedule /Users/yushengyuan/yushengyuan/personal-project/Player/egg/node_modules/egg-logrotator/app/schedule/rotate_by_file.js
2022-05-06 10:00:33,519 INFO 3932 [Timer] /Users/yushengyuan/yushengyuan/personal-project/Player/egg/node_modules/egg-multipart/app/schedule/clean_tmpdir.js next time will execute after 66566482ms at 2022-05-07 04:30:00.001
2022-05-06 10:00:33,519 INFO 3932 [Timer] /Users/yushengyuan/yushengyuan/personal-project/Player/egg/node_modules/egg-logrotator/app/schedule/clean_log.js next time will execute after 50366481ms at 2022-05-07 00:00:00.000
2022-05-06 10:00:33,519 INFO 3932 [Timer] /Users/yushengyuan/yushengyuan/personal-project/Player/egg/node_modules/egg-logrotator/app/schedule/rotate_by_file.js next time will execute after 50367481ms at 2022-05-07 00:00:01.000
2022-05-06 10:00:33,475 INFO 3935 [egg-schedule]: register schedule /Users/yushengyuan/yushengyuan/personal-project/Player/egg/node_modules/egg-multipart/app/schedule/clean_tmpdir.js
2022-05-06 10:00:33,475 INFO 3935 [egg-schedule]: register schedule /Users/yushengyuan/yushengyuan/personal-project/Player/egg/node_modules/egg-logrotator/app/schedule/clean_log.js
2022-05-06 10:00:33,475 INFO 3935 [egg-schedule]: register schedule /Users/yushengyuan/yushengyuan/personal-project/Player/egg/node_modules/egg-logrotator/app/schedule/rotate_by_file.js
2022-05-06 10:07:40,761 INFO 4442 [Timer] /Users/yushengyuan/yushengyuan/personal-project/Player/egg/node_modules/egg-multipart/app/schedule/clean_tmpdir.js next time will execute after 66139240ms at 2022-05-07 04:30:00.001
2022-05-06 10:07:40,762 INFO 4442 [Timer] /Users/yushengyuan/yushengyuan/personal-project/Player/egg/node_modules/egg-logrotator/app/schedule/clean_log.js next time will execute after 49939238ms at 2022-05-07 00:00:00.000
2022-05-06 10:07:40,762 INFO 4442 [Timer] /Users/yushengyuan/yushengyuan/personal-project/Player/egg/node_modules/egg-logrotator/app/schedule/rotate_by_file.js next time will execute after 49940238ms at 2022-05-07 00:00:01.000
2022-05-06 10:07:40,714 INFO 4443 [egg-schedule]: register schedule /Users/yushengyuan/yushengyuan/personal-project/Player/egg/node_modules/egg-multipart/app/schedule/clean_tmpdir.js
2022-05-06 10:07:40,714 INFO 4443 [egg-schedule]: register schedule /Users/yushengyuan/yushengyuan/personal-project/Player/egg/node_modules/egg-logrotator/app/schedule/clean_log.js
2022-05-06 10:07:40,714 INFO 4443 [egg-schedule]: register schedule /Users/yushengyuan/yushengyuan/personal-project/Player/egg/node_modules/egg-logrotator/app/schedule/rotate_by_file.js
2022-05-06 10:55:28,548 INFO 6947 [Timer] /Users/yushengyuan/yushengyuan/personal-project/Player/egg/node_modules/egg-multipart/app/schedule/clean_tmpdir.js next time will execute after 63271454ms at 2022-05-07 04:30:00.002
2022-05-06 10:55:28,548 INFO 6947 [Timer] /Users/yushengyuan/yushengyuan/personal-project/Player/egg/node_modules/egg-logrotator/app/schedule/clean_log.js next time will execute after 47071452ms at 2022-05-07 00:00:00.000
2022-05-06 10:55:28,548 INFO 6947 [Timer] /Users/yushengyuan/yushengyuan/personal-project/Player/egg/node_modules/egg-logrotator/app/schedule/rotate_by_file.js next time will execute after 47072452ms at 2022-05-07 00:00:01.000
2022-05-06 10:55:28,506 INFO 6948 [egg-schedule]: register schedule /Users/yushengyuan/yushengyuan/personal-project/Player/egg/node_modules/egg-multipart/app/schedule/clean_tmpdir.js
2022-05-06 10:55:28,506 INFO 6948 [egg-schedule]: register schedule /Users/yushengyuan/yushengyuan/personal-project/Player/egg/node_modules/egg-logrotator/app/schedule/clean_log.js
2022-05-06 10:55:28,506 INFO 6948 [egg-schedule]: register schedule /Users/yushengyuan/yushengyuan/personal-project/Player/egg/node_modules/egg-logrotator/app/schedule/rotate_by_file.js
2022-05-06 14:04:19,920 INFO 7779 [Timer] /Users/yushengyuan/yushengyuan/personal-project/Player/egg/node_modules/egg-multipart/app/schedule/clean_tmpdir.js next time will execute after 51940081ms at 2022-05-07 04:30:00.001
2022-05-06 14:04:19,920 INFO 7779 [Timer] /Users/yushengyuan/yushengyuan/personal-project/Player/egg/node_modules/egg-logrotator/app/schedule/clean_log.js next time will execute after 35740080ms at 2022-05-07 00:00:00.000
2022-05-06 14:04:19,920 INFO 7779 [Timer] /Users/yushengyuan/yushengyuan/personal-project/Player/egg/node_modules/egg-logrotator/app/schedule/rotate_by_file.js next time will execute after 35741080ms at 2022-05-07 00:00:01.000
2022-05-06 14:04:19,879 INFO 7780 [egg-schedule]: register schedule /Users/yushengyuan/yushengyuan/personal-project/Player/egg/node_modules/egg-multipart/app/schedule/clean_tmpdir.js
2022-05-06 14:04:19,879 INFO 7780 [egg-schedule]: register schedule /Users/yushengyuan/yushengyuan/personal-project/Player/egg/node_modules/egg-logrotator/app/schedule/clean_log.js
2022-05-06 14:04:19,879 INFO 7780 [egg-schedule]: register schedule /Users/yushengyuan/yushengyuan/personal-project/Player/egg/node_modules/egg-logrotator/app/schedule/rotate_by_file.js
2022-05-06 17:20:04,476 INFO 12802 [Timer] /Users/yushengyuan/yushengyuan/personal-project/Player/egg/node_modules/egg-multipart/app/schedule/clean_tmpdir.js next time will execute after 40195526ms at 2022-05-07 04:30:00.002
2022-05-06 17:20:04,476 INFO 12802 [Timer] /Users/yushengyuan/yushengyuan/personal-project/Player/egg/node_modules/egg-logrotator/app/schedule/clean_log.js next time will execute after 23995524ms at 2022-05-07 00:00:00.000
2022-05-06 17:20:04,476 INFO 12802 [Timer] /Users/yushengyuan/yushengyuan/personal-project/Player/egg/node_modules/egg-logrotator/app/schedule/rotate_by_file.js next time will execute after 23996524ms at 2022-05-07 00:00:01.000
2022-05-06 17:20:04,428 INFO 12803 [egg-schedule]: register schedule /Users/yushengyuan/yushengyuan/personal-project/Player/egg/node_modules/egg-multipart/app/schedule/clean_tmpdir.js
2022-05-06 17:20:04,428 INFO 12803 [egg-schedule]: register schedule /Users/yushengyuan/yushengyuan/personal-project/Player/egg/node_modules/egg-logrotator/app/schedule/clean_log.js
2022-05-06 17:20:04,428 INFO 12803 [egg-schedule]: register schedule /Users/yushengyuan/yushengyuan/personal-project/Player/egg/node_modules/egg-logrotator/app/schedule/rotate_by_file.js
2022-05-06 17:21:47,559 INFO 12963 [Timer] /Users/yushengyuan/yushengyuan/personal-project/Player/egg/node_modules/egg-multipart/app/schedule/clean_tmpdir.js next time will execute after 40092442ms at 2022-05-07 04:30:00.001
2022-05-06 17:21:47,560 INFO 12963 [Timer] /Users/yushengyuan/yushengyuan/personal-project/Player/egg/node_modules/egg-logrotator/app/schedule/clean_log.js next time will execute after 23892440ms at 2022-05-07 00:00:00.000
2022-05-06 17:21:47,560 INFO 12963 [Timer] /Users/yushengyuan/yushengyuan/personal-project/Player/egg/node_modules/egg-logrotator/app/schedule/rotate_by_file.js next time will execute after 23893440ms at 2022-05-07 00:00:01.000
2022-05-06 17:21:47,516 INFO 12964 [egg-schedule]: register schedule /Users/yushengyuan/yushengyuan/personal-project/Player/egg/node_modules/egg-multipart/app/schedule/clean_tmpdir.js
2022-05-06 17:21:47,516 INFO 12964 [egg-schedule]: register schedule /Users/yushengyuan/yushengyuan/personal-project/Player/egg/node_modules/egg-logrotator/app/schedule/clean_log.js
2022-05-06 17:21:47,517 INFO 12964 [egg-schedule]: register schedule /Users/yushengyuan/yushengyuan/personal-project/Player/egg/node_modules/egg-logrotator/app/schedule/rotate_by_file.js
2022-05-06 17:31:34,872 INFO 13885 [Timer] /Users/yushengyuan/yushengyuan/personal-project/Player/egg/node_modules/egg-multipart/app/schedule/clean_tmpdir.js next time will execute after 39505130ms at 2022-05-07 04:30:00.002
2022-05-06 17:31:34,872 INFO 13885 [Timer] /Users/yushengyuan/yushengyuan/personal-project/Player/egg/node_modules/egg-logrotator/app/schedule/clean_log.js next time will execute after 23305128ms at 2022-05-07 00:00:00.000
2022-05-06 17:31:34,872 INFO 13885 [Timer] /Users/yushengyuan/yushengyuan/personal-project/Player/egg/node_modules/egg-logrotator/app/schedule/rotate_by_file.js next time will execute after 23306128ms at 2022-05-07 00:00:01.000
2022-05-06 17:31:34,822 INFO 13886 [egg-schedule]: register schedule /Users/yushengyuan/yushengyuan/personal-project/Player/egg/node_modules/egg-multipart/app/schedule/clean_tmpdir.js
2022-05-06 17:31:34,822 INFO 13886 [egg-schedule]: register schedule /Users/yushengyuan/yushengyuan/personal-project/Player/egg/node_modules/egg-logrotator/app/schedule/clean_log.js
2022-05-06 17:31:34,822 INFO 13886 [egg-schedule]: register schedule /Users/yushengyuan/yushengyuan/personal-project/Player/egg/node_modules/egg-logrotator/app/schedule/rotate_by_file.js
2022-05-06 17:44:01,671 INFO 14908 [Timer] /Users/yushengyuan/yushengyuan/personal-project/Player/egg/node_modules/egg-multipart/app/schedule/clean_tmpdir.js next time will execute after 38758331ms at 2022-05-07 04:30:00.002
2022-05-06 17:44:01,671 INFO 14908 [Timer] /Users/yushengyuan/yushengyuan/personal-project/Player/egg/node_modules/egg-logrotator/app/schedule/clean_log.js next time will execute after 22558329ms at 2022-05-07 00:00:00.000
2022-05-06 17:44:01,671 INFO 14908 [Timer] /Users/yushengyuan/yushengyuan/personal-project/Player/egg/node_modules/egg-logrotator/app/schedule/rotate_by_file.js next time will execute after 22559329ms at 2022-05-07 00:00:01.000
2022-05-06 17:44:01,627 INFO 14909 [egg-schedule]: register schedule /Users/yushengyuan/yushengyuan/personal-project/Player/egg/node_modules/egg-multipart/app/schedule/clean_tmpdir.js
2022-05-06 17:44:01,627 INFO 14909 [egg-schedule]: register schedule /Users/yushengyuan/yushengyuan/personal-project/Player/egg/node_modules/egg-logrotator/app/schedule/clean_log.js
2022-05-06 17:44:01,627 INFO 14909 [egg-schedule]: register schedule /Users/yushengyuan/yushengyuan/personal-project/Player/egg/node_modules/egg-logrotator/app/schedule/rotate_by_file.js
2022-05-06 17:50:08,762 INFO 15394 [Timer] /Users/yushengyuan/yushengyuan/personal-project/Player/egg/node_modules/egg-multipart/app/schedule/clean_tmpdir.js next time will execute after 38391239ms at 2022-05-07 04:30:00.001
2022-05-06 17:50:08,762 INFO 15394 [Timer] /Users/yushengyuan/yushengyuan/personal-project/Player/egg/node_modules/egg-logrotator/app/schedule/clean_log.js next time will execute after 22191238ms at 2022-05-07 00:00:00.000
2022-05-06 17:50:08,763 INFO 15394 [Timer] /Users/yushengyuan/yushengyuan/personal-project/Player/egg/node_modules/egg-logrotator/app/schedule/rotate_by_file.js next time will execute after 22192237ms at 2022-05-07 00:00:01.000
2022-05-06 17:50:08,718 INFO 15395 [egg-schedule]: register schedule /Users/yushengyuan/yushengyuan/personal-project/Player/egg/node_modules/egg-multipart/app/schedule/clean_tmpdir.js
2022-05-06 17:50:08,718 INFO 15395 [egg-schedule]: register schedule /Users/yushengyuan/yushengyuan/personal-project/Player/egg/node_modules/egg-logrotator/app/schedule/clean_log.js
2022-05-06 17:50:08,719 INFO 15395 [egg-schedule]: register schedule /Users/yushengyuan/yushengyuan/personal-project/Player/egg/node_modules/egg-logrotator/app/schedule/rotate_by_file.js
2022-05-06 18:03:54,435 INFO 16497 [Timer] /Users/yushengyuan/yushengyuan/personal-project/Player/egg/node_modules/egg-multipart/app/schedule/clean_tmpdir.js next time will execute after 37565566ms at 2022-05-07 04:30:00.001
2022-05-06 18:03:54,435 INFO 16497 [Timer] /Users/yushengyuan/yushengyuan/personal-project/Player/egg/node_modules/egg-logrotator/app/schedule/clean_log.js next time will execute after 21365565ms at 2022-05-07 00:00:00.000
2022-05-06 18:03:54,435 INFO 16497 [Timer] /Users/yushengyuan/yushengyuan/personal-project/Player/egg/node_modules/egg-logrotator/app/schedule/rotate_by_file.js next time will execute after 21366565ms at 2022-05-07 00:00:01.000
2022-05-06 18:03:54,388 INFO 16498 [egg-schedule]: register schedule /Users/yushengyuan/yushengyuan/personal-project/Player/egg/node_modules/egg-multipart/app/schedule/clean_tmpdir.js
2022-05-06 18:03:54,388 INFO 16498 [egg-schedule]: register schedule /Users/yushengyuan/yushengyuan/personal-project/Player/egg/node_modules/egg-logrotator/app/schedule/clean_log.js
2022-05-06 18:03:54,388 INFO 16498 [egg-schedule]: register schedule /Users/yushengyuan/yushengyuan/personal-project/Player/egg/node_modules/egg-logrotator/app/schedule/rotate_by_file.js
2022-05-06 19:46:39,169 INFO 23371 [Timer] /Users/yushengyuan/yushengyuan/personal-project/Player/egg/node_modules/egg-multipart/app/schedule/clean_tmpdir.js next time will execute after 31400832ms at 2022-05-07 04:30:00.001
2022-05-06 19:46:39,169 INFO 23371 [Timer] /Users/yushengyuan/yushengyuan/personal-project/Player/egg/node_modules/egg-logrotator/app/schedule/clean_log.js next time will execute after 15200831ms at 2022-05-07 00:00:00.000
2022-05-06 19:46:39,169 INFO 23371 [Timer] /Users/yushengyuan/yushengyuan/personal-project/Player/egg/node_modules/egg-logrotator/app/schedule/rotate_by_file.js next time will execute after 15201831ms at 2022-05-07 00:00:01.000
2022-05-06 19:46:39,128 INFO 23372 [egg-schedule]: register schedule /Users/yushengyuan/yushengyuan/personal-project/Player/egg/node_modules/egg-multipart/app/schedule/clean_tmpdir.js
2022-05-06 19:46:39,128 INFO 23372 [egg-schedule]: register schedule /Users/yushengyuan/yushengyuan/personal-project/Player/egg/node_modules/egg-logrotator/app/schedule/clean_log.js
2022-05-06 19:46:39,128 INFO 23372 [egg-schedule]: register schedule /Users/yushengyuan/yushengyuan/personal-project/Player/egg/node_modules/egg-logrotator/app/schedule/rotate_by_file.js
2022-05-06 19:49:55,877 INFO 23713 [Timer] /Users/yushengyuan/yushengyuan/personal-project/Player/egg/node_modules/egg-multipart/app/schedule/clean_tmpdir.js next time will execute after 31204124ms at 2022-05-07 04:30:00.001
2022-05-06 19:49:55,877 INFO 23713 [Timer] /Users/yushengyuan/yushengyuan/personal-project/Player/egg/node_modules/egg-logrotator/app/schedule/clean_log.js next time will execute after 15004123ms at 2022-05-07 00:00:00.000
2022-05-06 19:49:55,877 INFO 23713 [Timer] /Users/yushengyuan/yushengyuan/personal-project/Player/egg/node_modules/egg-logrotator/app/schedule/rotate_by_file.js next time will execute after 15005123ms at 2022-05-07 00:00:01.000
2022-05-06 19:49:55,834 INFO 23714 [egg-schedule]: register schedule /Users/yushengyuan/yushengyuan/personal-project/Player/egg/node_modules/egg-multipart/app/schedule/clean_tmpdir.js
2022-05-06 19:49:55,834 INFO 23714 [egg-schedule]: register schedule /Users/yushengyuan/yushengyuan/personal-project/Player/egg/node_modules/egg-logrotator/app/schedule/clean_log.js
2022-05-06 19:49:55,834 INFO 23714 [egg-schedule]: register schedule /Users/yushengyuan/yushengyuan/personal-project/Player/egg/node_modules/egg-logrotator/app/schedule/rotate_by_file.js
2022-05-06 20:01:39,443 INFO 24676 [Timer] /Users/yushengyuan/yushengyuan/personal-project/Player/egg/node_modules/egg-multipart/app/schedule/clean_tmpdir.js next time will execute after 30500559ms at 2022-05-07 04:30:00.002
2022-05-06 20:01:39,443 INFO 24676 [Timer] /Users/yushengyuan/yushengyuan/personal-project/Player/egg/node_modules/egg-logrotator/app/schedule/clean_log.js next time will execute after 14300557ms at 2022-05-07 00:00:00.000
2022-05-06 20:01:39,443 INFO 24676 [Timer] /Users/yushengyuan/yushengyuan/personal-project/Player/egg/node_modules/egg-logrotator/app/schedule/rotate_by_file.js next time will execute after 14301557ms at 2022-05-07 00:00:01.000
2022-05-06 20:01:39,399 INFO 24677 [egg-schedule]: register schedule /Users/yushengyuan/yushengyuan/personal-project/Player/egg/node_modules/egg-multipart/app/schedule/clean_tmpdir.js
2022-05-06 20:01:39,399 INFO 24677 [egg-schedule]: register schedule /Users/yushengyuan/yushengyuan/personal-project/Player/egg/node_modules/egg-logrotator/app/schedule/clean_log.js
2022-05-06 20:01:39,399 INFO 24677 [egg-schedule]: register schedule /Users/yushengyuan/yushengyuan/personal-project/Player/egg/node_modules/egg-logrotator/app/schedule/rotate_by_file.js
2022-05-06 20:04:01,418 INFO 24865 [Timer] /Users/yushengyuan/yushengyuan/personal-project/Player/egg/node_modules/egg-multipart/app/schedule/clean_tmpdir.js next time will execute after 30358584ms at 2022-05-07 04:30:00.002
2022-05-06 20:04:01,418 INFO 24865 [Timer] /Users/yushengyuan/yushengyuan/personal-project/Player/egg/node_modules/egg-logrotator/app/schedule/clean_log.js next time will execute after 14158582ms at 2022-05-07 00:00:00.000
2022-05-06 20:04:01,418 INFO 24865 [Timer] /Users/yushengyuan/yushengyuan/personal-project/Player/egg/node_modules/egg-logrotator/app/schedule/rotate_by_file.js next time will execute after 14159582ms at 2022-05-07 00:00:01.000
2022-05-06 20:04:01,377 INFO 24883 [egg-schedule]: register schedule /Users/yushengyuan/yushengyuan/personal-project/Player/egg/node_modules/egg-multipart/app/schedule/clean_tmpdir.js
2022-05-06 20:04:01,377 INFO 24883 [egg-schedule]: register schedule /Users/yushengyuan/yushengyuan/personal-project/Player/egg/node_modules/egg-logrotator/app/schedule/clean_log.js
2022-05-06 20:04:01,377 INFO 24883 [egg-schedule]: register schedule /Users/yushengyuan/yushengyuan/personal-project/Player/egg/node_modules/egg-logrotator/app/schedule/rotate_by_file.js
2022-05-06 20:09:36,798 INFO 25357 [Timer] /Users/yushengyuan/yushengyuan/personal-project/Player/egg/node_modules/egg-multipart/app/schedule/clean_tmpdir.js next time will execute after 30023203ms at 2022-05-07 04:30:00.001
2022-05-06 20:09:36,798 INFO 25357 [Timer] /Users/yushengyuan/yushengyuan/personal-project/Player/egg/node_modules/egg-logrotator/app/schedule/clean_log.js next time will execute after 13823202ms at 2022-05-07 00:00:00.000
2022-05-06 20:09:36,798 INFO 25357 [Timer] /Users/yushengyuan/yushengyuan/personal-project/Player/egg/node_modules/egg-logrotator/app/schedule/rotate_by_file.js next time will execute after 13824202ms at 2022-05-07 00:00:01.000
2022-05-06 20:09:36,755 INFO 25358 [egg-schedule]: register schedule /Users/yushengyuan/yushengyuan/personal-project/Player/egg/node_modules/egg-multipart/app/schedule/clean_tmpdir.js
2022-05-06 20:09:36,756 INFO 25358 [egg-schedule]: register schedule /Users/yushengyuan/yushengyuan/personal-project/Player/egg/node_modules/egg-logrotator/app/schedule/clean_log.js
2022-05-06 20:09:36,756 INFO 25358 [egg-schedule]: register schedule /Users/yushengyuan/yushengyuan/personal-project/Player/egg/node_modules/egg-logrotator/app/schedule/rotate_by_file.js
2022-05-06 20:22:24,099 INFO 26449 [Timer] /Users/yushengyuan/yushengyuan/personal-project/Player/egg/node_modules/egg-multipart/app/schedule/clean_tmpdir.js next time will execute after 29255903ms at 2022-05-07 04:30:00.002
2022-05-06 20:22:24,099 INFO 26449 [Timer] /Users/yushengyuan/yushengyuan/personal-project/Player/egg/node_modules/egg-logrotator/app/schedule/clean_log.js next time will execute after 13055901ms at 2022-05-07 00:00:00.000
2022-05-06 20:22:24,099 INFO 26449 [Timer] /Users/yushengyuan/yushengyuan/personal-project/Player/egg/node_modules/egg-logrotator/app/schedule/rotate_by_file.js next time will execute after 13056901ms at 2022-05-07 00:00:01.000
2022-05-06 20:22:24,058 INFO 26450 [egg-schedule]: register schedule /Users/yushengyuan/yushengyuan/personal-project/Player/egg/node_modules/egg-multipart/app/schedule/clean_tmpdir.js
2022-05-06 20:22:24,058 INFO 26450 [egg-schedule]: register schedule /Users/yushengyuan/yushengyuan/personal-project/Player/egg/node_modules/egg-logrotator/app/schedule/clean_log.js
2022-05-06 20:22:24,058 INFO 26450 [egg-schedule]: register schedule /Users/yushengyuan/yushengyuan/personal-project/Player/egg/node_modules/egg-logrotator/app/schedule/rotate_by_file.js
2022-05-06 21:50:35,603 INFO 32990 [Timer] /Users/yushengyuan/yushengyuan/personal-project/Player/egg/node_modules/egg-multipart/app/schedule/clean_tmpdir.js next time will execute after 23964399ms at 2022-05-07 04:30:00.002
2022-05-06 21:50:35,603 INFO 32990 [Timer] /Users/yushengyuan/yushengyuan/personal-project/Player/egg/node_modules/egg-logrotator/app/schedule/clean_log.js next time will execute after 7764397ms at 2022-05-07 00:00:00.000
2022-05-06 21:50:35,603 INFO 32990 [Timer] /Users/yushengyuan/yushengyuan/personal-project/Player/egg/node_modules/egg-logrotator/app/schedule/rotate_by_file.js next time will execute after 7765397ms at 2022-05-07 00:00:01.000
2022-05-06 21:50:35,561 INFO 32992 [egg-schedule]: register schedule /Users/yushengyuan/yushengyuan/personal-project/Player/egg/node_modules/egg-multipart/app/schedule/clean_tmpdir.js
2022-05-06 21:50:35,561 INFO 32992 [egg-schedule]: register schedule /Users/yushengyuan/yushengyuan/personal-project/Player/egg/node_modules/egg-logrotator/app/schedule/clean_log.js
2022-05-06 21:50:35,561 INFO 32992 [egg-schedule]: register schedule /Users/yushengyuan/yushengyuan/personal-project/Player/egg/node_modules/egg-logrotator/app/schedule/rotate_by_file.js
2022-05-06 22:07:21,732 INFO 34450 [Timer] /Users/yushengyuan/yushengyuan/personal-project/Player/egg/node_modules/egg-multipart/app/schedule/clean_tmpdir.js next time will execute after 22958269ms at 2022-05-07 04:30:00.001
2022-05-06 22:07:21,732 INFO 34450 [Timer] /Users/yushengyuan/yushengyuan/personal-project/Player/egg/node_modules/egg-logrotator/app/schedule/clean_log.js next time will execute after 6758268ms at 2022-05-07 00:00:00.000
2022-05-06 22:07:21,732 INFO 34450 [Timer] /Users/yushengyuan/yushengyuan/personal-project/Player/egg/node_modules/egg-logrotator/app/schedule/rotate_by_file.js next time will execute after 6759268ms at 2022-05-07 00:00:01.000
2022-05-06 22:07:21,692 INFO 34451 [egg-schedule]: register schedule /Users/yushengyuan/yushengyuan/personal-project/Player/egg/node_modules/egg-multipart/app/schedule/clean_tmpdir.js
2022-05-06 22:07:21,692 INFO 34451 [egg-schedule]: register schedule /Users/yushengyuan/yushengyuan/personal-project/Player/egg/node_modules/egg-logrotator/app/schedule/clean_log.js
2022-05-06 22:07:21,692 INFO 34451 [egg-schedule]: register schedule /Users/yushengyuan/yushengyuan/personal-project/Player/egg/node_modules/egg-logrotator/app/schedule/rotate_by_file.js
2022-05-06 22:08:11,035 INFO 34531 [Timer] /Users/yushengyuan/yushengyuan/personal-project/Player/egg/node_modules/egg-multipart/app/schedule/clean_tmpdir.js next time will execute after 22908966ms at 2022-05-07 04:30:00.001
2022-05-06 22:08:11,035 INFO 34531 [Timer] /Users/yushengyuan/yushengyuan/personal-project/Player/egg/node_modules/egg-logrotator/app/schedule/clean_log.js next time will execute after 6708965ms at 2022-05-07 00:00:00.000
2022-05-06 22:08:11,035 INFO 34531 [Timer] /Users/yushengyuan/yushengyuan/personal-project/Player/egg/node_modules/egg-logrotator/app/schedule/rotate_by_file.js next time will execute after 6709965ms at 2022-05-07 00:00:01.000
2022-05-06 22:08:10,993 INFO 34532 [egg-schedule]: register schedule /Users/yushengyuan/yushengyuan/personal-project/Player/egg/node_modules/egg-multipart/app/schedule/clean_tmpdir.js
2022-05-06 22:08:10,993 INFO 34532 [egg-schedule]: register schedule /Users/yushengyuan/yushengyuan/personal-project/Player/egg/node_modules/egg-logrotator/app/schedule/clean_log.js
2022-05-06 22:08:10,993 INFO 34532 [egg-schedule]: register schedule /Users/yushengyuan/yushengyuan/personal-project/Player/egg/node_modules/egg-logrotator/app/schedule/rotate_by_file.js
2022-05-06 22:09:47,055 INFO 34667 [Timer] /Users/yushengyuan/yushengyuan/personal-project/Player/egg/node_modules/egg-multipart/app/schedule/clean_tmpdir.js next time will execute after 22812947ms at 2022-05-07 04:30:00.002
2022-05-06 22:09:47,055 INFO 34667 [Timer] /Users/yushengyuan/yushengyuan/personal-project/Player/egg/node_modules/egg-logrotator/app/schedule/clean_log.js next time will execute after 6612945ms at 2022-05-07 00:00:00.000
2022-05-06 22:09:47,055 INFO 34667 [Timer] /Users/yushengyuan/yushengyuan/personal-project/Player/egg/node_modules/egg-logrotator/app/schedule/rotate_by_file.js next time will execute after 6613945ms at 2022-05-07 00:00:01.000
2022-05-06 22:09:47,014 INFO 34668 [egg-schedule]: register schedule /Users/yushengyuan/yushengyuan/personal-project/Player/egg/node_modules/egg-multipart/app/schedule/clean_tmpdir.js
2022-05-06 22:09:47,014 INFO 34668 [egg-schedule]: register schedule /Users/yushengyuan/yushengyuan/personal-project/Player/egg/node_modules/egg-logrotator/app/schedule/clean_log.js
2022-05-06 22:09:47,014 INFO 34668 [egg-schedule]: register schedule /Users/yushengyuan/yushengyuan/personal-project/Player/egg/node_modules/egg-logrotator/app/schedule/rotate_by_file.js
2022-05-06 22:11:45,878 INFO 34882 [Timer] /Users/yushengyuan/yushengyuan/personal-project/Player/egg/node_modules/egg-multipart/app/schedule/clean_tmpdir.js next time will execute after 22694123ms at 2022-05-07 04:30:00.001
2022-05-06 22:11:45,878 INFO 34882 [Timer] /Users/yushengyuan/yushengyuan/personal-project/Player/egg/node_modules/egg-logrotator/app/schedule/clean_log.js next time will execute after 6494122ms at 2022-05-07 00:00:00.000
2022-05-06 22:11:45,878 INFO 34882 [Timer] /Users/yushengyuan/yushengyuan/personal-project/Player/egg/node_modules/egg-logrotator/app/schedule/rotate_by_file.js next time will execute after 6495122ms at 2022-05-07 00:00:01.000
2022-05-06 22:11:45,836 INFO 34883 [egg-schedule]: register schedule /Users/yushengyuan/yushengyuan/personal-project/Player/egg/node_modules/egg-multipart/app/schedule/clean_tmpdir.js
2022-05-06 22:11:45,836 INFO 34883 [egg-schedule]: register schedule /Users/yushengyuan/yushengyuan/personal-project/Player/egg/node_modules/egg-logrotator/app/schedule/clean_log.js
2022-05-06 22:11:45,836 INFO 34883 [egg-schedule]: register schedule /Users/yushengyuan/yushengyuan/personal-project/Player/egg/node_modules/egg-logrotator/app/schedule/rotate_by_file.js
2022-05-06 22:12:01,942 INFO 34942 [Timer] /Users/yushengyuan/yushengyuan/personal-project/Player/egg/node_modules/egg-multipart/app/schedule/clean_tmpdir.js next time will execute after 22678059ms at 2022-05-07 04:30:00.001
2022-05-06 22:12:01,942 INFO 34942 [Timer] /Users/yushengyuan/yushengyuan/personal-project/Player/egg/node_modules/egg-logrotator/app/schedule/clean_log.js next time will execute after 6478058ms at 2022-05-07 00:00:00.000
2022-05-06 22:12:01,942 INFO 34942 [Timer] /Users/yushengyuan/yushengyuan/personal-project/Player/egg/node_modules/egg-logrotator/app/schedule/rotate_by_file.js next time will execute after 6479058ms at 2022-05-07 00:00:01.000
2022-05-06 22:12:01,901 INFO 34943 [egg-schedule]: register schedule /Users/yushengyuan/yushengyuan/personal-project/Player/egg/node_modules/egg-multipart/app/schedule/clean_tmpdir.js
2022-05-06 22:12:01,901 INFO 34943 [egg-schedule]: register schedule /Users/yushengyuan/yushengyuan/personal-project/Player/egg/node_modules/egg-logrotator/app/schedule/clean_log.js
2022-05-06 22:12:01,902 INFO 34943 [egg-schedule]: register schedule /Users/yushengyuan/yushengyuan/personal-project/Player/egg/node_modules/egg-logrotator/app/schedule/rotate_by_file.js
2022-05-06 22:18:23,978 INFO 35474 [Timer] /Users/yushengyuan/yushengyuan/personal-project/Player/egg/node_modules/egg-multipart/app/schedule/clean_tmpdir.js next time will execute after 22296023ms at 2022-05-07 04:30:00.001
2022-05-06 22:18:23,979 INFO 35474 [Timer] /Users/yushengyuan/yushengyuan/personal-project/Player/egg/node_modules/egg-logrotator/app/schedule/clean_log.js next time will execute after 6096022ms at 2022-05-07 00:00:00.001
2022-05-06 22:18:23,979 INFO 35474 [Timer] /Users/yushengyuan/yushengyuan/personal-project/Player/egg/node_modules/egg-logrotator/app/schedule/rotate_by_file.js next time will execute after 6097021ms at 2022-05-07 00:00:01.000
2022-05-06 22:18:23,936 INFO 35475 [egg-schedule]: register schedule /Users/yushengyuan/yushengyuan/personal-project/Player/egg/node_modules/egg-multipart/app/schedule/clean_tmpdir.js
2022-05-06 22:18:23,936 INFO 35475 [egg-schedule]: register schedule /Users/yushengyuan/yushengyuan/personal-project/Player/egg/node_modules/egg-logrotator/app/schedule/clean_log.js
2022-05-06 22:18:23,936 INFO 35475 [egg-schedule]: register schedule /Users/yushengyuan/yushengyuan/personal-project/Player/egg/node_modules/egg-logrotator/app/schedule/rotate_by_file.js
2022-05-06 22:19:37,666 INFO 35622 [Timer] /Users/yushengyuan/yushengyuan/personal-project/Player/egg/node_modules/egg-multipart/app/schedule/clean_tmpdir.js next time will execute after 22222335ms at 2022-05-07 04:30:00.001
2022-05-06 22:19:37,667 INFO 35622 [Timer] /Users/yushengyuan/yushengyuan/personal-project/Player/egg/node_modules/egg-logrotator/app/schedule/clean_log.js next time will execute after 6022334ms at 2022-05-07 00:00:00.001
2022-05-06 22:19:37,667 INFO 35622 [Timer] /Users/yushengyuan/yushengyuan/personal-project/Player/egg/node_modules/egg-logrotator/app/schedule/rotate_by_file.js next time will execute after 6023333ms at 2022-05-07 00:00:01.000
2022-05-06 22:19:37,626 INFO 35623 [egg-schedule]: register schedule /Users/yushengyuan/yushengyuan/personal-project/Player/egg/node_modules/egg-multipart/app/schedule/clean_tmpdir.js
2022-05-06 22:19:37,626 INFO 35623 [egg-schedule]: register schedule /Users/yushengyuan/yushengyuan/personal-project/Player/egg/node_modules/egg-logrotator/app/schedule/clean_log.js
2022-05-06 22:19:37,626 INFO 35623 [egg-schedule]: register schedule /Users/yushengyuan/yushengyuan/personal-project/Player/egg/node_modules/egg-logrotator/app/schedule/rotate_by_file.js
2022-05-06 22:54:05,008 INFO 38219 [Timer] /Users/yushengyuan/yushengyuan/personal-project/Player/egg/node_modules/egg-multipart/app/schedule/clean_tmpdir.js next time will execute after 20154993ms at 2022-05-07 04:30:00.001
2022-05-06 22:54:05,008 INFO 38219 [Timer] /Users/yushengyuan/yushengyuan/personal-project/Player/egg/node_modules/egg-logrotator/app/schedule/clean_log.js next time will execute after 3954992ms at 2022-05-07 00:00:00.000
2022-05-06 22:54:05,008 INFO 38219 [Timer] /Users/yushengyuan/yushengyuan/personal-project/Player/egg/node_modules/egg-logrotator/app/schedule/rotate_by_file.js next time will execute after 3955992ms at 2022-05-07 00:00:01.000
2022-05-06 22:54:04,967 INFO 38223 [egg-schedule]: register schedule /Users/yushengyuan/yushengyuan/personal-project/Player/egg/node_modules/egg-multipart/app/schedule/clean_tmpdir.js
2022-05-06 22:54:04,967 INFO 38223 [egg-schedule]: register schedule /Users/yushengyuan/yushengyuan/personal-project/Player/egg/node_modules/egg-logrotator/app/schedule/clean_log.js
2022-05-06 22:54:04,967 INFO 38223 [egg-schedule]: register schedule /Users/yushengyuan/yushengyuan/personal-project/Player/egg/node_modules/egg-logrotator/app/schedule/rotate_by_file.js
2022-05-06 22:56:05,914 INFO 38398 [Timer] /Users/yushengyuan/yushengyuan/personal-project/Player/egg/node_modules/egg-multipart/app/schedule/clean_tmpdir.js next time will execute after 20034088ms at 2022-05-07 04:30:00.002
2022-05-06 22:56:05,914 INFO 38398 [Timer] /Users/yushengyuan/yushengyuan/personal-project/Player/egg/node_modules/egg-logrotator/app/schedule/clean_log.js next time will execute after 3834086ms at 2022-05-07 00:00:00.000
2022-05-06 22:56:05,914 INFO 38398 [Timer] /Users/yushengyuan/yushengyuan/personal-project/Player/egg/node_modules/egg-logrotator/app/schedule/rotate_by_file.js next time will execute after 3835086ms at 2022-05-07 00:00:01.000
2022-05-06 22:56:05,870 INFO 38399 [egg-schedule]: register schedule /Users/yushengyuan/yushengyuan/personal-project/Player/egg/node_modules/egg-multipart/app/schedule/clean_tmpdir.js
2022-05-06 22:56:05,870 INFO 38399 [egg-schedule]: register schedule /Users/yushengyuan/yushengyuan/personal-project/Player/egg/node_modules/egg-logrotator/app/schedule/clean_log.js
2022-05-06 22:56:05,870 INFO 38399 [egg-schedule]: register schedule /Users/yushengyuan/yushengyuan/personal-project/Player/egg/node_modules/egg-logrotator/app/schedule/rotate_by_file.js
